This is pdfTeX, Version 3.14159265-2.6-1.40.16 (MiKTeX 2.9) (preloaded format=pdflatex 2015.10.12)  29 JUL 2016 13:13
entering extended mode
**TFG.tex
(TFG.tex
LaTeX2e <2015/01/01> patch level 2
Babel <3.9m> and hyphenation patterns for 69 languages loaded.
("C:\Program Files (x86)\MiKTeX 2.9\tex\latex\base\report.cls"
Document Class: report 2014/09/29 v1.4h Standard LaTeX document class
("C:\Program Files (x86)\MiKTeX 2.9\tex\latex\base\size10.clo"
File: size10.clo 2014/09/29 v1.4h Standard LaTeX file (size option)
)
\c@part=\count79
\c@chapter=\count80
\c@section=\count81
\c@subsection=\count82
\c@subsubsection=\count83
\c@paragraph=\count84
\c@subparagraph=\count85
\c@figure=\count86
\c@table=\count87
\abovecaptionskip=\skip41
\belowcaptionskip=\skip42
\bibindent=\dimen102
)
("C:\Program Files (x86)\MiKTeX 2.9\tex\latex\amsmath\amsmath.sty"
Package: amsmath 2013/01/14 v2.14 AMS math features
\@mathmargin=\skip43

For additional information on amsmath, use the `?' option.
("C:\Program Files (x86)\MiKTeX 2.9\tex\latex\amsmath\amstext.sty"
Package: amstext 2000/06/29 v2.01

("C:\Program Files (x86)\MiKTeX 2.9\tex\latex\amsmath\amsgen.sty"
File: amsgen.sty 1999/11/30 v2.0
\@emptytoks=\toks14
\ex@=\dimen103
))
("C:\Program Files (x86)\MiKTeX 2.9\tex\latex\amsmath\amsbsy.sty"
Package: amsbsy 1999/11/29 v1.2d
\pmbraise@=\dimen104
)
("C:\Program Files (x86)\MiKTeX 2.9\tex\latex\amsmath\amsopn.sty"
Package: amsopn 1999/12/14 v2.01 operator names
)
\inf@bad=\count88
LaTeX Info: Redefining \frac on input line 210.
\uproot@=\count89
\leftroot@=\count90
LaTeX Info: Redefining \overline on input line 306.
\classnum@=\count91
\DOTSCASE@=\count92
LaTeX Info: Redefining \ldots on input line 378.
LaTeX Info: Redefining \dots on input line 381.
LaTeX Info: Redefining \cdots on input line 466.
\Mathstrutbox@=\box26
\strutbox@=\box27
\big@size=\dimen105
LaTeX Font Info:    Redeclaring font encoding OML on input line 566.
LaTeX Font Info:    Redeclaring font encoding OMS on input line 567.
\macc@depth=\count93
\c@MaxMatrixCols=\count94
\dotsspace@=\muskip10
\c@parentequation=\count95
\dspbrk@lvl=\count96
\tag@help=\toks15
\row@=\count97
\column@=\count98
\maxfields@=\count99
\andhelp@=\toks16
\eqnshift@=\dimen106
\alignsep@=\dimen107
\tagshift@=\dimen108
\tagwidth@=\dimen109
\totwidth@=\dimen110
\lineht@=\dimen111
\@envbody=\toks17
\multlinegap=\skip44
\multlinetaggap=\skip45
\mathdisplay@stack=\toks18
LaTeX Info: Redefining \[ on input line 2665.
LaTeX Info: Redefining \] on input line 2666.
)
("C:\Program Files (x86)\MiKTeX 2.9\tex\latex\amsfonts\amsfonts.sty"
Package: amsfonts 2013/01/14 v3.01 Basic AMSFonts support
\symAMSa=\mathgroup4
\symAMSb=\mathgroup5
LaTeX Font Info:    Overwriting math alphabet `\mathfrak' in version `bold'
(Font)                  U/euf/m/n --> U/euf/b/n on input line 106.
)
("C:\Program Files (x86)\MiKTeX 2.9\tex\latex\amscls\amsthm.sty"
Package: amsthm 2015/03/04 v2.20.2
\thm@style=\toks19
\thm@bodyfont=\toks20
\thm@headfont=\toks21
\thm@notefont=\toks22
\thm@headpunct=\toks23
\thm@preskip=\skip46
\thm@postskip=\skip47
\thm@headsep=\skip48
\dth@everypar=\toks24
)
("C:\Program Files (x86)\MiKTeX 2.9\tex\latex\graphics\graphicx.sty"
Package: graphicx 2014/10/28 v1.0g Enhanced LaTeX Graphics (DPC,SPQR)

("C:\Program Files (x86)\MiKTeX 2.9\tex\latex\graphics\keyval.sty"
Package: keyval 2014/10/28 v1.15 key=value parser (DPC)
\KV@toks@=\toks25
)
("C:\Program Files (x86)\MiKTeX 2.9\tex\latex\graphics\graphics.sty"
Package: graphics 2014/10/28 v1.0p Standard LaTeX Graphics (DPC,SPQR)

("C:\Program Files (x86)\MiKTeX 2.9\tex\latex\graphics\trig.sty"
Package: trig 1999/03/16 v1.09 sin cos tan (DPC)
)
("C:\Program Files (x86)\MiKTeX 2.9\tex\latex\00miktex\graphics.cfg"
File: graphics.cfg 2007/01/18 v1.5 graphics configuration of teTeX/TeXLive
)
Package graphics Info: Driver file: pdftex.def on input line 94.

("C:\Program Files (x86)\MiKTeX 2.9\tex\latex\pdftex-def\pdftex.def"
File: pdftex.def 2011/05/27 v0.06d Graphics/color for pdfTeX

("C:\Program Files (x86)\MiKTeX 2.9\tex\generic\oberdiek\infwarerr.sty"
Package: infwarerr 2010/04/08 v1.3 Providing info/warning/error messages (HO)
)
("C:\Program Files (x86)\MiKTeX 2.9\tex\generic\oberdiek\ltxcmds.sty"
Package: ltxcmds 2011/11/09 v1.22 LaTeX kernel commands for general use (HO)
)
\Gread@gobject=\count100
))
\Gin@req@height=\dimen112
\Gin@req@width=\dimen113
)
("C:\Program Files (x86)\MiKTeX 2.9\tex\latex\hyperref\hyperref.sty"
Package: hyperref 2012/11/06 v6.83m Hypertext links for LaTeX

("C:\Program Files (x86)\MiKTeX 2.9\tex\generic\oberdiek\hobsub-hyperref.sty"
Package: hobsub-hyperref 2012/04/25 v1.12 Bundle oberdiek, subset hyperref (HO)


("C:\Program Files (x86)\MiKTeX 2.9\tex\generic\oberdiek\hobsub-generic.sty"
Package: hobsub-generic 2012/04/25 v1.12 Bundle oberdiek, subset generic (HO)
Package: hobsub 2012/04/25 v1.12 Construct package bundles (HO)
Package hobsub Info: Skipping package `infwarerr' (already loaded).
Package hobsub Info: Skipping package `ltxcmds' (already loaded).
Package: ifluatex 2010/03/01 v1.3 Provides the ifluatex switch (HO)
Package ifluatex Info: LuaTeX not detected.
Package: ifvtex 2010/03/01 v1.5 Detect VTeX and its facilities (HO)
Package ifvtex Info: VTeX not detected.
Package: intcalc 2007/09/27 v1.1 Expandable calculations with integers (HO)
Package: ifpdf 2011/01/30 v2.3 Provides the ifpdf switch (HO)
Package ifpdf Info: pdfTeX in PDF mode is detected.
Package: etexcmds 2011/02/16 v1.5 Avoid name clashes with e-TeX commands (HO)
Package etexcmds Info: Could not find \expanded.
(etexcmds)             That can mean that you are not using pdfTeX 1.50 or
(etexcmds)             that some package has redefined \expanded.
(etexcmds)             In the latter case, load this package earlier.
Package: kvsetkeys 2012/04/25 v1.16 Key value parser (HO)
Package: kvdefinekeys 2011/04/07 v1.3 Define keys (HO)
Package: pdftexcmds 2011/11/29 v0.20 Utility functions of pdfTeX for LuaTeX (HO
)
Package pdftexcmds Info: LuaTeX not detected.
Package pdftexcmds Info: \pdf@primitive is available.
Package pdftexcmds Info: \pdf@ifprimitive is available.
Package pdftexcmds Info: \pdfdraftmode found.
Package: pdfescape 2011/11/25 v1.13 Implements pdfTeX's escape features (HO)
Package: bigintcalc 2012/04/08 v1.3 Expandable calculations on big integers (HO
)
Package: bitset 2011/01/30 v1.1 Handle bit-vector datatype (HO)
Package: uniquecounter 2011/01/30 v1.2 Provide unlimited unique counter (HO)
)
Package hobsub Info: Skipping package `hobsub' (already loaded).
Package: letltxmacro 2010/09/02 v1.4 Let assignment for LaTeX macros (HO)
Package: hopatch 2011/06/24 v1.1 Wrapper for package hooks (HO)
Package: xcolor-patch 2011/01/30 xcolor patch
Package: atveryend 2011/06/30 v1.8 Hooks at the very end of document (HO)
Package atveryend Info: \enddocument detected (standard20110627).
Package: atbegshi 2011/10/05 v1.16 At begin shipout hook (HO)
Package: refcount 2011/10/16 v3.4 Data extraction from label references (HO)
Package: hycolor 2011/01/30 v1.7 Color options for hyperref/bookmark (HO)
)
("C:\Program Files (x86)\MiKTeX 2.9\tex\generic\ifxetex\ifxetex.sty"
Package: ifxetex 2010/09/12 v0.6 Provides ifxetex conditional
)
("C:\Program Files (x86)\MiKTeX 2.9\tex\latex\oberdiek\auxhook.sty"
Package: auxhook 2011/03/04 v1.3 Hooks for auxiliary files (HO)
)
("C:\Program Files (x86)\MiKTeX 2.9\tex\latex\oberdiek\kvoptions.sty"
Package: kvoptions 2011/06/30 v3.11 Key value format for package options (HO)
)
\@linkdim=\dimen114
\Hy@linkcounter=\count101
\Hy@pagecounter=\count102

("C:\Program Files (x86)\MiKTeX 2.9\tex\latex\hyperref\pd1enc.def"
File: pd1enc.def 2012/11/06 v6.83m Hyperref: PDFDocEncoding definition (HO)
)
\Hy@SavedSpaceFactor=\count103

("C:\Program Files (x86)\MiKTeX 2.9\tex\latex\00miktex\hyperref.cfg"
File: hyperref.cfg 2002/06/06 v1.2 hyperref configuration of TeXLive
)
Package hyperref Info: Hyper figures OFF on input line 4443.
Package hyperref Info: Link nesting OFF on input line 4448.
Package hyperref Info: Hyper index ON on input line 4451.
Package hyperref Info: Plain pages OFF on input line 4458.
Package hyperref Info: Backreferencing OFF on input line 4463.
Package hyperref Info: Implicit mode ON; LaTeX internals redefined.
Package hyperref Info: Bookmarks ON on input line 4688.
\c@Hy@tempcnt=\count104

("C:\Program Files (x86)\MiKTeX 2.9\tex\latex\url\url.sty"
\Urlmuskip=\muskip11
Package: url 2013/09/16  ver 3.4  Verb mode for urls, etc.
)
LaTeX Info: Redefining \url on input line 5041.
\XeTeXLinkMargin=\dimen115
\Fld@menulength=\count105
\Field@Width=\dimen116
\Fld@charsize=\dimen117
Package hyperref Info: Hyper figures OFF on input line 6295.
Package hyperref Info: Link nesting OFF on input line 6300.
Package hyperref Info: Hyper index ON on input line 6303.
Package hyperref Info: backreferencing OFF on input line 6310.
Package hyperref Info: Link coloring OFF on input line 6315.
Package hyperref Info: Link coloring with OCG OFF on input line 6320.
Package hyperref Info: PDF/A mode OFF on input line 6325.
LaTeX Info: Redefining \ref on input line 6365.
LaTeX Info: Redefining \pageref on input line 6369.
\Hy@abspage=\count106
\c@Item=\count107
\c@Hfootnote=\count108
)

Package hyperref Message: Driver (autodetected): hpdftex.

("C:\Program Files (x86)\MiKTeX 2.9\tex\latex\hyperref\hpdftex.def"
File: hpdftex.def 2012/11/06 v6.83m Hyperref driver for pdfTeX
\Fld@listcount=\count109
\c@bookmark@seq@number=\count110

("C:\Program Files (x86)\MiKTeX 2.9\tex\latex\oberdiek\rerunfilecheck.sty"
Package: rerunfilecheck 2011/04/15 v1.7 Rerun checks for auxiliary files (HO)
Package uniquecounter Info: New unique counter `rerunfilecheck' on input line 2
82.
)
\Hy@SectionHShift=\skip49
)
("C:\Program Files (x86)\MiKTeX 2.9\tex\latex\geometry\geometry.sty"
Package: geometry 2010/09/12 v5.6 Page Geometry
\Gm@cnth=\count111
\Gm@cntv=\count112
\c@Gm@tempcnt=\count113
\Gm@bindingoffset=\dimen118
\Gm@wd@mp=\dimen119
\Gm@odd@mp=\dimen120
\Gm@even@mp=\dimen121
\Gm@layoutwidth=\dimen122
\Gm@layoutheight=\dimen123
\Gm@layouthoffset=\dimen124
\Gm@layoutvoffset=\dimen125
\Gm@dimlist=\toks26

("C:\Program Files (x86)\MiKTeX 2.9\tex\latex\geometry\geometry.cfg"))
("C:\Program Files (x86)\MiKTeX 2.9\tex\latex\tikz-cd\tikz-cd.sty"
Package: tikz-cd 2014/10/30 v0.9e Commutative diagrams with tikz

("C:\Program Files (x86)\MiKTeX 2.9\tex\latex\pgf\frontendlayer\tikz.sty"
("C:\Program Files (x86)\MiKTeX 2.9\tex\latex\pgf\basiclayer\pgf.sty"
("C:\Program Files (x86)\MiKTeX 2.9\tex\latex\pgf\utilities\pgfrcs.sty"
("C:\Program Files (x86)\MiKTeX 2.9\tex\generic\pgf\utilities\pgfutil-common.te
x"
\pgfutil@everybye=\toks27
\pgfutil@tempdima=\dimen126
\pgfutil@tempdimb=\dimen127

("C:\Program Files (x86)\MiKTeX 2.9\tex\generic\pgf\utilities\pgfutil-common-li
sts.tex"))
("C:\Program Files (x86)\MiKTeX 2.9\tex\generic\pgf\utilities\pgfutil-latex.def
"
\pgfutil@abb=\box28
 ("C:\Program Files (x86)\MiKTeX 2.9\tex\latex\ms\everyshi.sty"
Package: everyshi 2001/05/15 v3.00 EveryShipout Package (MS)
))
("C:\Program Files (x86)\MiKTeX 2.9\tex\generic\pgf\utilities\pgfrcs.code.tex"
Package: pgfrcs 2015/08/07 v3.0.1a (rcs-revision 1.31)
))
Package: pgf 2015/08/07 v3.0.1a (rcs-revision 1.15)
 ("C:\Program Files (x86)\MiKTeX 2.9\tex\latex\pgf\basiclayer\pgfcore.sty"
("C:\Program Files (x86)\MiKTeX 2.9\tex\latex\pgf\systemlayer\pgfsys.sty"
("C:\Program Files (x86)\MiKTeX 2.9\tex\generic\pgf\systemlayer\pgfsys.code.tex
"
Package: pgfsys 2014/07/09 v3.0.1a (rcs-revision 1.48)
 ("C:\Program Files (x86)\MiKTeX 2.9\tex\generic\pgf\utilities\pgfkeys.code.tex
"
\pgfkeys@pathtoks=\toks28
\pgfkeys@temptoks=\toks29

("C:\Program Files (x86)\MiKTeX 2.9\tex\generic\pgf\utilities\pgfkeysfiltered.c
ode.tex"
\pgfkeys@tmptoks=\toks30
))
\pgf@x=\dimen128
\pgf@y=\dimen129
\pgf@xa=\dimen130
\pgf@ya=\dimen131
\pgf@xb=\dimen132
\pgf@yb=\dimen133
\pgf@xc=\dimen134
\pgf@yc=\dimen135
\w@pgf@writea=\write3
\r@pgf@reada=\read1
\c@pgf@counta=\count114
\c@pgf@countb=\count115
\c@pgf@countc=\count116
\c@pgf@countd=\count117
\t@pgf@toka=\toks31
\t@pgf@tokb=\toks32
\t@pgf@tokc=\toks33

("C:\Program Files (x86)\MiKTeX 2.9\tex\generic\pgf\systemlayer\pgf.cfg"
File: pgf.cfg 2008/05/14  (rcs-revision 1.7)
)
Driver file for pgf: pgfsys-pdftex.def

("C:\Program Files (x86)\MiKTeX 2.9\tex\generic\pgf\systemlayer\pgfsys-pdftex.d
ef"
File: pgfsys-pdftex.def 2014/10/11  (rcs-revision 1.35)

("C:\Program Files (x86)\MiKTeX 2.9\tex\generic\pgf\systemlayer\pgfsys-common-p
df.def"
File: pgfsys-common-pdf.def 2013/10/10  (rcs-revision 1.13)
)))
("C:\Program Files (x86)\MiKTeX 2.9\tex\generic\pgf\systemlayer\pgfsyssoftpath.
code.tex"
File: pgfsyssoftpath.code.tex 2013/09/09  (rcs-revision 1.9)
\pgfsyssoftpath@smallbuffer@items=\count118
\pgfsyssoftpath@bigbuffer@items=\count119
)
("C:\Program Files (x86)\MiKTeX 2.9\tex\generic\pgf\systemlayer\pgfsysprotocol.
code.tex"
File: pgfsysprotocol.code.tex 2006/10/16  (rcs-revision 1.4)
)) ("C:\Program Files (x86)\MiKTeX 2.9\tex\latex\xcolor\xcolor.sty"
Package: xcolor 2007/01/21 v2.11 LaTeX color extensions (UK)

("C:\Program Files (x86)\MiKTeX 2.9\tex\latex\00miktex\color.cfg"
File: color.cfg 2007/01/18 v1.5 color configuration of teTeX/TeXLive
)
Package xcolor Info: Driver file: pdftex.def on input line 225.
Package xcolor Info: Model `cmy' substituted by `cmy0' on input line 1337.
Package xcolor Info: Model `hsb' substituted by `rgb' on input line 1341.
Package xcolor Info: Model `RGB' extended on input line 1353.
Package xcolor Info: Model `HTML' substituted by `rgb' on input line 1355.
Package xcolor Info: Model `Hsb' substituted by `hsb' on input line 1356.
Package xcolor Info: Model `tHsb' substituted by `hsb' on input line 1357.
Package xcolor Info: Model `HSB' substituted by `hsb' on input line 1358.
Package xcolor Info: Model `Gray' substituted by `gray' on input line 1359.
Package xcolor Info: Model `wave' substituted by `hsb' on input line 1360.
)
("C:\Program Files (x86)\MiKTeX 2.9\tex\generic\pgf\basiclayer\pgfcore.code.tex
"
Package: pgfcore 2010/04/11 v3.0.1a (rcs-revision 1.7)
 ("C:\Program Files (x86)\MiKTeX 2.9\tex\generic\pgf\math\pgfmath.code.tex"
("C:\Program Files (x86)\MiKTeX 2.9\tex\generic\pgf\math\pgfmathcalc.code.tex"
("C:\Program Files (x86)\MiKTeX 2.9\tex\generic\pgf\math\pgfmathutil.code.tex")
("C:\Program Files (x86)\MiKTeX 2.9\tex\generic\pgf\math\pgfmathparser.code.tex
"
\pgfmath@dimen=\dimen136
\pgfmath@count=\count120
\pgfmath@box=\box29
\pgfmath@toks=\toks34
\pgfmath@stack@operand=\toks35
\pgfmath@stack@operation=\toks36
)
("C:\Program Files (x86)\MiKTeX 2.9\tex\generic\pgf\math\pgfmathfunctions.code.
tex"
("C:\Program Files (x86)\MiKTeX 2.9\tex\generic\pgf\math\pgfmathfunctions.basic
.code.tex")
("C:\Program Files (x86)\MiKTeX 2.9\tex\generic\pgf\math\pgfmathfunctions.trigo
nometric.code.tex")
("C:\Program Files (x86)\MiKTeX 2.9\tex\generic\pgf\math\pgfmathfunctions.rando
m.code.tex")
("C:\Program Files (x86)\MiKTeX 2.9\tex\generic\pgf\math\pgfmathfunctions.compa
rison.code.tex")
("C:\Program Files (x86)\MiKTeX 2.9\tex\generic\pgf\math\pgfmathfunctions.base.
code.tex")
("C:\Program Files (x86)\MiKTeX 2.9\tex\generic\pgf\math\pgfmathfunctions.round
.code.tex")
("C:\Program Files (x86)\MiKTeX 2.9\tex\generic\pgf\math\pgfmathfunctions.misc.
code.tex")
("C:\Program Files (x86)\MiKTeX 2.9\tex\generic\pgf\math\pgfmathfunctions.integ
erarithmetics.code.tex")))
("C:\Program Files (x86)\MiKTeX 2.9\tex\generic\pgf\math\pgfmathfloat.code.tex"
\c@pgfmathroundto@lastzeros=\count121
))
("C:\Program Files (x86)\MiKTeX 2.9\tex\generic\pgf\basiclayer\pgfcorepoints.co
de.tex"
File: pgfcorepoints.code.tex 2013/10/07  (rcs-revision 1.27)
\pgf@picminx=\dimen137
\pgf@picmaxx=\dimen138
\pgf@picminy=\dimen139
\pgf@picmaxy=\dimen140
\pgf@pathminx=\dimen141
\pgf@pathmaxx=\dimen142
\pgf@pathminy=\dimen143
\pgf@pathmaxy=\dimen144
\pgf@xx=\dimen145
\pgf@xy=\dimen146
\pgf@yx=\dimen147
\pgf@yy=\dimen148
\pgf@zx=\dimen149
\pgf@zy=\dimen150
)
("C:\Program Files (x86)\MiKTeX 2.9\tex\generic\pgf\basiclayer\pgfcorepathconst
ruct.code.tex"
File: pgfcorepathconstruct.code.tex 2013/10/07  (rcs-revision 1.29)
\pgf@path@lastx=\dimen151
\pgf@path@lasty=\dimen152
)
("C:\Program Files (x86)\MiKTeX 2.9\tex\generic\pgf\basiclayer\pgfcorepathusage
.code.tex"
File: pgfcorepathusage.code.tex 2014/11/02  (rcs-revision 1.24)
\pgf@shorten@end@additional=\dimen153
\pgf@shorten@start@additional=\dimen154
)
("C:\Program Files (x86)\MiKTeX 2.9\tex\generic\pgf\basiclayer\pgfcorescopes.co
de.tex"
File: pgfcorescopes.code.tex 2015/05/08  (rcs-revision 1.46)
\pgfpic=\box30
\pgf@hbox=\box31
\pgf@layerbox@main=\box32
\pgf@picture@serial@count=\count122
)
("C:\Program Files (x86)\MiKTeX 2.9\tex\generic\pgf\basiclayer\pgfcoregraphicst
ate.code.tex"
File: pgfcoregraphicstate.code.tex 2014/11/02  (rcs-revision 1.12)
\pgflinewidth=\dimen155
)
("C:\Program Files (x86)\MiKTeX 2.9\tex\generic\pgf\basiclayer\pgfcoretransform
ations.code.tex"
File: pgfcoretransformations.code.tex 2015/08/07  (rcs-revision 1.20)
\pgf@pt@x=\dimen156
\pgf@pt@y=\dimen157
\pgf@pt@temp=\dimen158
)
("C:\Program Files (x86)\MiKTeX 2.9\tex\generic\pgf\basiclayer\pgfcorequick.cod
e.tex"
File: pgfcorequick.code.tex 2008/10/09  (rcs-revision 1.3)
)
("C:\Program Files (x86)\MiKTeX 2.9\tex\generic\pgf\basiclayer\pgfcoreobjects.c
ode.tex"
File: pgfcoreobjects.code.tex 2006/10/11  (rcs-revision 1.2)
)
("C:\Program Files (x86)\MiKTeX 2.9\tex\generic\pgf\basiclayer\pgfcorepathproce
ssing.code.tex"
File: pgfcorepathprocessing.code.tex 2013/09/09  (rcs-revision 1.9)
)
("C:\Program Files (x86)\MiKTeX 2.9\tex\generic\pgf\basiclayer\pgfcorearrows.co
de.tex"
File: pgfcorearrows.code.tex 2015/05/14  (rcs-revision 1.43)
\pgfarrowsep=\dimen159
)
("C:\Program Files (x86)\MiKTeX 2.9\tex\generic\pgf\basiclayer\pgfcoreshade.cod
e.tex"
File: pgfcoreshade.code.tex 2013/07/15  (rcs-revision 1.15)
\pgf@max=\dimen160
\pgf@sys@shading@range@num=\count123
)
("C:\Program Files (x86)\MiKTeX 2.9\tex\generic\pgf\basiclayer\pgfcoreimage.cod
e.tex"
File: pgfcoreimage.code.tex 2013/07/15  (rcs-revision 1.18)

("C:\Program Files (x86)\MiKTeX 2.9\tex\generic\pgf\basiclayer\pgfcoreexternal.
code.tex"
File: pgfcoreexternal.code.tex 2014/07/09  (rcs-revision 1.21)
\pgfexternal@startupbox=\box33
))
("C:\Program Files (x86)\MiKTeX 2.9\tex\generic\pgf\basiclayer\pgfcorelayers.co
de.tex"
File: pgfcorelayers.code.tex 2013/07/18  (rcs-revision 1.7)
)
("C:\Program Files (x86)\MiKTeX 2.9\tex\generic\pgf\basiclayer\pgfcoretranspare
ncy.code.tex"
File: pgfcoretransparency.code.tex 2013/09/30  (rcs-revision 1.5)
)
("C:\Program Files (x86)\MiKTeX 2.9\tex\generic\pgf\basiclayer\pgfcorepatterns.
code.tex"
File: pgfcorepatterns.code.tex 2013/11/07  (rcs-revision 1.5)
)))
("C:\Program Files (x86)\MiKTeX 2.9\tex\generic\pgf\modules\pgfmoduleshapes.cod
e.tex"
File: pgfmoduleshapes.code.tex 2014/03/21  (rcs-revision 1.35)
\pgfnodeparttextbox=\box34
)
("C:\Program Files (x86)\MiKTeX 2.9\tex\generic\pgf\modules\pgfmoduleplot.code.
tex"
File: pgfmoduleplot.code.tex 2015/08/03  (rcs-revision 1.13)
)
("C:\Program Files (x86)\MiKTeX 2.9\tex\latex\pgf\compatibility\pgfcomp-version
-0-65.sty"
Package: pgfcomp-version-0-65 2007/07/03 v3.0.1a (rcs-revision 1.7)
\pgf@nodesepstart=\dimen161
\pgf@nodesepend=\dimen162
)
("C:\Program Files (x86)\MiKTeX 2.9\tex\latex\pgf\compatibility\pgfcomp-version
-1-18.sty"
Package: pgfcomp-version-1-18 2007/07/23 v3.0.1a (rcs-revision 1.1)
))
("C:\Program Files (x86)\MiKTeX 2.9\tex\latex\pgf\utilities\pgffor.sty"
("C:\Program Files (x86)\MiKTeX 2.9\tex\latex\pgf\utilities\pgfkeys.sty"
("C:\Program Files (x86)\MiKTeX 2.9\tex\generic\pgf\utilities\pgfkeys.code.tex"
)) ("C:\Program Files (x86)\MiKTeX 2.9\tex\latex\pgf\math\pgfmath.sty"
("C:\Program Files (x86)\MiKTeX 2.9\tex\generic\pgf\math\pgfmath.code.tex"))
("C:\Program Files (x86)\MiKTeX 2.9\tex\generic\pgf\utilities\pgffor.code.tex"
Package: pgffor 2013/12/13 v3.0.1a (rcs-revision 1.25)

("C:\Program Files (x86)\MiKTeX 2.9\tex\generic\pgf\math\pgfmath.code.tex")
\pgffor@iter=\dimen163
\pgffor@skip=\dimen164
\pgffor@stack=\toks37
\pgffor@toks=\toks38
))
("C:\Program Files (x86)\MiKTeX 2.9\tex\generic\pgf\frontendlayer\tikz\tikz.cod
e.tex"
Package: tikz 2015/08/07 v3.0.1a (rcs-revision 1.151)

("C:\Program Files (x86)\MiKTeX 2.9\tex\generic\pgf\libraries\pgflibraryplothan
dlers.code.tex"
File: pgflibraryplothandlers.code.tex 2013/08/31 v3.0.1a (rcs-revision 1.20)
\pgf@plot@mark@count=\count124
\pgfplotmarksize=\dimen165
)
\tikz@lastx=\dimen166
\tikz@lasty=\dimen167
\tikz@lastxsaved=\dimen168
\tikz@lastysaved=\dimen169
\tikzleveldistance=\dimen170
\tikzsiblingdistance=\dimen171
\tikz@figbox=\box35
\tikz@figbox@bg=\box36
\tikz@tempbox=\box37
\tikz@tempbox@bg=\box38
\tikztreelevel=\count125
\tikznumberofchildren=\count126
\tikznumberofcurrentchild=\count127
\tikz@fig@count=\count128

("C:\Program Files (x86)\MiKTeX 2.9\tex\generic\pgf\modules\pgfmodulematrix.cod
e.tex"
File: pgfmodulematrix.code.tex 2013/09/17  (rcs-revision 1.8)
\pgfmatrixcurrentrow=\count129
\pgfmatrixcurrentcolumn=\count130
\pgf@matrix@numberofcolumns=\count131
)
\tikz@expandcount=\count132

("C:\Program Files (x86)\MiKTeX 2.9\tex\generic\pgf\frontendlayer\tikz\librarie
s\tikzlibrarytopaths.code.tex"
File: tikzlibrarytopaths.code.tex 2008/06/17 v3.0.1a (rcs-revision 1.2)
)))
("C:\Program Files (x86)\MiKTeX 2.9\tex\generic\tikz-cd\tikzlibrarycd.code.tex"

("C:\Program Files (x86)\MiKTeX 2.9\tex\generic\pgf\frontendlayer\tikz\librarie
s\tikzlibrarymatrix.code.tex"
File: tikzlibrarymatrix.code.tex 2013/07/12 v3.0.1a (rcs-revision 1.4)
)
("C:\Program Files (x86)\MiKTeX 2.9\tex\generic\pgf\frontendlayer\tikz\librarie
s\tikzlibraryquotes.code.tex"
File: tikzlibraryquotes.code.tex 2014/03/21 v3.0.1a (rcs-revision 1.4)
)
("C:\Program Files (x86)\MiKTeX 2.9\tex\generic\pgf\libraries\pgflibraryarrows.
meta.code.tex"
File: pgflibraryarrows.meta.code.tex 2015/05/13 v3.0.1a (rcs-revision 1.13)
\pgfarrowinset=\dimen172
\pgfarrowlength=\dimen173
\pgfarrowwidth=\dimen174
\pgfarrowlinewidth=\dimen175
)))
("C:\Program Files (x86)\MiKTeX 2.9\tex\latex\enumitem\enumitem.sty"
Package: enumitem 2011/09/28 v3.5.2 Customized lists
\labelindent=\skip50
\enit@outerparindent=\dimen176
\enit@toks=\toks39
\enit@inbox=\box39
\enitdp@description=\count133
)
("C:\Program Files (x86)\MiKTeX 2.9\tex\latex\pdfpages\pdfpages.sty"
Package: pdfpages 2015/09/18 v0.5d Insert pages of external PDF documents (AM)

("C:\Program Files (x86)\MiKTeX 2.9\tex\latex\base\ifthen.sty"
Package: ifthen 2014/09/29 v1.1c Standard LaTeX ifthen package (DPC)
)
("C:\Program Files (x86)\MiKTeX 2.9\tex\latex\tools\calc.sty"
Package: calc 2014/10/28 v4.3 Infix arithmetic (KKT,FJ)
\calc@Acount=\count134
\calc@Bcount=\count135
\calc@Adimen=\dimen177
\calc@Bdimen=\dimen178
\calc@Askip=\skip51
\calc@Bskip=\skip52
LaTeX Info: Redefining \setlength on input line 80.
LaTeX Info: Redefining \addtolength on input line 81.
\calc@Ccount=\count136
\calc@Cskip=\skip53
)
("C:\Program Files (x86)\MiKTeX 2.9\tex\latex\eso-pic\eso-pic.sty"
Package: eso-pic 2015/07/21 v2.0g eso-pic (RN)
)
\AM@pagewidth=\dimen179
\AM@pageheight=\dimen180

("C:\Program Files (x86)\MiKTeX 2.9\tex\latex\pdfpages\pppdftex.def"
File: pppdftex.def 2015/09/18 v0.5d Pdfpages driver for pdfTeX (AM)
)
\AM@pagebox=\box40
\AM@toc@title=\toks40
\c@AM@survey=\count137
\AM@templatesizebox=\box41
) (TFG.aux

LaTeX Warning: Label `ej8' multiply defined.

)
LaTeX Font Info:    Checking defaults for OML/cmm/m/it on input line 11.
LaTeX Font Info:    ... okay on input line 11.
LaTeX Font Info:    Checking defaults for T1/cmr/m/n on input line 11.
LaTeX Font Info:    ... okay on input line 11.
LaTeX Font Info:    Checking defaults for OT1/cmr/m/n on input line 11.
LaTeX Font Info:    ... okay on input line 11.
LaTeX Font Info:    Checking defaults for OMS/cmsy/m/n on input line 11.
LaTeX Font Info:    ... okay on input line 11.
LaTeX Font Info:    Checking defaults for OMX/cmex/m/n on input line 11.
LaTeX Font Info:    ... okay on input line 11.
LaTeX Font Info:    Checking defaults for U/cmr/m/n on input line 11.
LaTeX Font Info:    ... okay on input line 11.
LaTeX Font Info:    Checking defaults for PD1/pdf/m/n on input line 11.
LaTeX Font Info:    ... okay on input line 11.
 ("C:\Program Files (x86)\MiKTeX 2.9\tex\context\base\supp-pdf.mkii"
[Loading MPS to PDF converter (version 2006.09.02).]
\scratchcounter=\count138
\scratchdimen=\dimen181
\scratchbox=\box42
\nofMPsegments=\count139
\nofMParguments=\count140
\everyMPshowfont=\toks41
\MPscratchCnt=\count141
\MPscratchDim=\dimen182
\MPnumerator=\count142
\makeMPintoPDFobject=\count143
\everyMPtoPDFconversion=\toks42
)
\AtBeginShipoutBox=\box43
Package hyperref Info: Link coloring OFF on input line 11.
 ("C:\Program Files (x86)\MiKTeX 2.9\tex\latex\hyperref\nameref.sty"
Package: nameref 2012/10/27 v2.43 Cross-referencing by name of section

("C:\Program Files (x86)\MiKTeX 2.9\tex\generic\oberdiek\gettitlestring.sty"
Package: gettitlestring 2010/12/03 v1.4 Cleanup title references (HO)
)
\c@section@level=\count144
)
LaTeX Info: Redefining \ref on input line 11.
LaTeX Info: Redefining \pageref on input line 11.
LaTeX Info: Redefining \nameref on input line 11.

(TFG.out) (TFG.out)
\@outlinefile=\write4

*geometry* driver: auto-detecting
*geometry* detected driver: pdftex
*geometry* verbose mode - [ preamble ] result:
* driver: pdftex
* paper: a4paper
* layout: <same size as paper>
* layoutoffset:(h,v)=(0.0pt,0.0pt)
* modes: twoside 
* h-part:(L,W,R)=(68.28659pt, 426.79134pt, 102.42995pt)
* v-part:(T,H,B)=(87.63449pt, 625.96062pt, 131.45174pt)
* \paperwidth=597.50787pt
* \paperheight=845.04684pt
* \textwidth=426.79134pt
* \textheight=625.96062pt
* \oddsidemargin=-3.9834pt
* \evensidemargin=30.15996pt
* \topmargin=-21.6355pt
* \headheight=12.0pt
* \headsep=25.0pt
* \topskip=10.0pt
* \footskip=30.0pt
* \marginparwidth=121.0pt
* \marginparsep=11.0pt
* \columnsep=10.0pt
* \skip\footins=9.0pt plus 4.0pt minus 2.0pt
* \hoffset=0.0pt
* \voffset=0.0pt
* \mag=1000
* \@twocolumnfalse
* \@twosidetrue
* \@mparswitchtrue
* \@reversemarginfalse
* (1in=72.27pt=25.4mm, 1cm=28.453pt)

ABD: EveryShipout initializing macros
("C:\Program Files (x86)\MiKTeX 2.9\tex\latex\oberdiek\pdflscape.sty"
Package: pdflscape 2008/08/11 v0.10 Display of landscape pages in PDF (HO)

("C:\Program Files (x86)\MiKTeX 2.9\tex\latex\graphics\lscape.sty"
Package: lscape 2000/10/22 v3.01 Landscape Pages (DPC)
)
Package pdflscape Info: Auto-detected driver: pdftex on input line 80.
)
LaTeX Font Info:    Try loading font information for U+msa on input line 11.

("C:\Program Files (x86)\MiKTeX 2.9\tex\latex\amsfonts\umsa.fd"
File: umsa.fd 2013/01/14 v3.01 AMS symbols A
)
LaTeX Font Info:    Try loading font information for U+msb on input line 11.

("C:\Program Files (x86)\MiKTeX 2.9\tex\latex\amsfonts\umsb.fd"
File: umsb.fd 2013/01/14 v3.01 AMS symbols B
) [1

{C:/Users/Pedro/AppData/Local/MiKTeX/2.9/pdftex/config/pdftex.map}] [2

] (TFG.toc [3]
[4] [5])
\tf@toc=\write5
\c@prop=\count145
\c@obs=\count146
 [6]
Chapter 1.
LaTeX Font Info:    Try loading font information for U+euf on input line 11.
("C:\Program Files (x86)\MiKTeX 2.9\tex\latex\amsfonts\ueuf.fd"
File: ueuf.fd 2013/01/14 v3.01 Euler Fraktur
) [7

] [8]

Package hyperref Warning: Token not allowed in a PDF string (PDFDocEncoding):
(hyperref)                removing `\@ifnextchar' on input line 19.

[9] [10] [11] [12]
Chapter 2.
[13

] [14] [15] [16] [17] [18] [19]
LaTeX Font Info:    Try loading font information for OMS+cmr on input line 147.


("C:\Program Files (x86)\MiKTeX 2.9\tex\latex\base\omscmr.fd"
File: omscmr.fd 2014/09/29 v2.5h Standard LaTeX font definitions
)
LaTeX Font Info:    Font shape `OMS/cmr/m/n' in size <10> not available
(Font)              Font shape `OMS/cmsy/m/n' tried instead on input line 147.
 [20] [21]
[22] [23] [24] [25] [26] [27] [28]
Overfull \hbox (8.06386pt too wide) in paragraph at lines 266--266
\OT1/cmr/m/n/10 A sub-tle but cru-cial point re-lates to func-tion com-po-si-ti
on: As we al-ready know, the []
 []

[29] [30]
Overfull \hbox (14.20482pt too wide) in paragraph at lines 293--293
[]                                      \OT1/cmtt/m/n/10 -- but Maybe can only 
have up to one solution,[] 
 []

[31]
Overfull \hbox (1.48128pt too wide) in paragraph at lines 304--304
\OT1/cmr/m/n/10 op-er-a-tor in [], or [] in [] 
 []


Overfull \hbox (71.95432pt too wide) in paragraph at lines 310--310
[]  \OT1/cmtt/m/n/10 -- (but not all instances obey this law because it makes s
ome infinite structures impossible)[] 
 []

[32]
Overfull \hbox (3.70491pt too wide) in paragraph at lines 316--316
[]  \OT1/cmtt/m/n/10 pythags = [ (x, y, z) | z <- [1..], x <- [1..z], y <- [x..
z], x^2 + y^2 == z^2 ] 
 []

[33] [34]
Overfull \hbox (24.51321pt too wide) in paragraph at lines 360--360
[]\OT1/cmr/m/n/10 Alternatively, if you are run-ning a com-piled pro-gram, add 
[]\OT1/cmtt/m/n/10 {-# LANGUAGE FlexibleInstances #-}
 []

[35] [36]
Overfull \hbox (46.09277pt too wide) in paragraph at lines 380--380
\OT1/cmr/m/n/10 It would also have been pos-si-ble (though ar-guably less read-
able) to write []. 
 []

[37] [38]
Overfull \hbox (12.97614pt too wide) in paragraph at lines 408--408
\OT1/cmr/m/n/10 The [] pack-age pro-vides mod-ules with trans-form-ers for many
 com-mon mon-ads ([],
 []

[39] [40]
Overfull \hbox (48.00166pt too wide) in paragraph at lines 454--454
 []\OT1/cmtt/m/n/10 .__________________________________________________________
_________________________________. 
 []


Overfull \hbox (48.75153pt too wide) in paragraph at lines 454--454
 []\OT1/cmtt/m/n/10 |                                         :                
                                    |[] 
 []


Overfull \hbox (48.75153pt too wide) in paragraph at lines 454--454
 []\OT1/cmtt/m/n/10 |                 State                   :                
 StateT                             |[] 
 []


Overfull \hbox (48.75153pt too wide) in paragraph at lines 454--454
 []\OT1/cmtt/m/n/10 |-----------------------------------------:----------------
------------------------------------|[] 
 []


Overfull \hbox (48.75153pt too wide) in paragraph at lines 454--454
 []\OT1/cmtt/m/n/10 |                                         :                
                                    |[] 
 []


Overfull \hbox (48.75153pt too wide) in paragraph at lines 454--454
 []\OT1/cmtt/m/n/10 | newtype State s a =                     : newtype StateT 
s m a =                             |[] 
 []


Overfull \hbox (48.75153pt too wide) in paragraph at lines 454--454
 []\OT1/cmtt/m/n/10 |  State { runState :: (s -> (a,s)) }     :  StateT { runSt
ateT :: (s -> m (a,s)) }            |[] 
 []


Overfull \hbox (48.75153pt too wide) in paragraph at lines 454--454
 []\OT1/cmtt/m/n/10 |                                         :                
                                    |[] 
 []


Overfull \hbox (48.75153pt too wide) in paragraph at lines 454--454
 []\OT1/cmtt/m/n/10 | instance Monad (State s) where          : instance (Monad
 m) => Monad (StateT s m) where     |[] 
 []


Overfull \hbox (48.75153pt too wide) in paragraph at lines 454--454
 []\OT1/cmtt/m/n/10 |  return a        = State $ \s -> (a,s)  :  return a      
   = StateT $ \s -> return (a,s)    |[] 
 []


Overfull \hbox (48.75153pt too wide) in paragraph at lines 454--454
 []\OT1/cmtt/m/n/10 |  (State x) >>= f = State $ \s ->        :  (StateT x) >>=
 f = StateT $ \s -> do              |[] 
 []


Overfull \hbox (48.75153pt too wide) in paragraph at lines 454--454
 []\OT1/cmtt/m/n/10 |   let (v,s') = x s                      :   (v,s') <- x s
         -- get new value and state |[] 
 []


Overfull \hbox (48.75153pt too wide) in paragraph at lines 454--454
 []\OT1/cmtt/m/n/10 |   in runState (f v) s'                  :   runStateT (f 
v) s'    -- pass them to f          |[] 
 []


Overfull \hbox (48.75153pt too wide) in paragraph at lines 454--454
 []\OT1/cmtt/m/n/10 |                                         :                
                                    |[] 
 []


Overfull \hbox (48.75153pt too wide) in paragraph at lines 454--454
 []\OT1/cmtt/m/n/10 |_________________________________________|________________
____________________________________|[] 
 []

[41] [42]
Chapter 3.
[43

] [44] [45] [46] [47]
Overfull \hbox (48.06224pt too wide) in paragraph at lines 560--560
\OT1/cmr/m/n/10 For the same rea-son, []\OT1/cmtt/m/n/10 (<**>) :: Applicative 
f => f a -> f (a -> b) -> f b \OT1/cmr/m/n/10 from []
 []

[48] [49]
Underfull \hbox (badness 10000) in paragraph at lines 603--603
[][][]\OT1/cmr/m/n/8 For ex-tra de-tails, fol-low the leads from the cor-re-spo
nd-ing sec-tion of the Type-classeo-pe-dia
 []


Underfull \hbox (badness 1810) in paragraph at lines 603--603
\OT1/cmr/m/n/8 (https://wiki.haskell.org/Typeclassopedia#Alternative[]formulati
on) and the blog post by Ed-ward Z. Yang
 []

[50] <Typeclassopedia-diagram.png, id=995, 761.84625pt x 260.975pt>
File: Typeclassopedia-diagram.png Graphic file (type png)

<use Typeclassopedia-diagram.png>
Package pdftex.def Info: Typeclassopedia-diagram.png used on input line 611.
(pdftex.def)             Requested size: 457.11128pt x 156.5862pt.
 [51 <./Typeclassopedia-diagram.png>] [52]
[53] [54] [55]
Overfull \hbox (1.74388pt too wide) in paragraph at lines 643--643
\OT1/cmr/m/n/10 So if we had a \OT1/cmr/m/it/10 three\OT1/cmr/m/n/10 -layered M
aybe (i.e., it could be [], [], []
 []

[56] [57]
Overfull \hbox (3.70491pt too wide) in paragraph at lines 681--681
[]  \OT1/cmtt/m/n/10 = (join (fmap f m)) >>= g                          -- By t
he definition of (>>=)[] 
 []


Overfull \hbox (3.70491pt too wide) in paragraph at lines 681--681
[]  \OT1/cmtt/m/n/10 = join (fmap g (join (fmap f m)))                  -- By t
he definition of (>>=)[] 
 []


Overfull \hbox (50.9545pt too wide) in paragraph at lines 681--681
[]  \OT1/cmtt/m/n/10 = (join . join . fmap (fmap g . f)) m              -- By t
he distributive law of functors[] 
 []


Overfull \hbox (50.9545pt too wide) in paragraph at lines 681--681
[]  \OT1/cmtt/m/n/10 = (join . fmap (join . (\x -> fmap g (f x)))) m    -- By t
he distributive law of functors[] 
 []


Overfull \hbox (3.70491pt too wide) in paragraph at lines 681--681
[]  \OT1/cmtt/m/n/10 = (join . fmap (\x -> f x >>= g)) m                -- By t
he definition of (>>=)[] 
 []


Overfull \hbox (3.70491pt too wide) in paragraph at lines 681--681
[]  \OT1/cmtt/m/n/10 = m >>= (\x -> f x >>= g)                          -- By t
he definition of (>>=)[] 
 []


Overfull \hbox (18.28183pt too wide) in paragraph at lines 684--684
[]  \OT1/cmtt/m/n/10 do { y <- do { x <- m; f x }; g y} 
 []


Overfull \hbox (43.45477pt too wide) in paragraph at lines 682--684
 [] 
 []

[58]
Appendix A.
[59

] [60]
Appendix B.
[61

]
Overfull \hbox (3.70491pt too wide) in paragraph at lines 761--761
[]     \OT1/cmtt/m/n/10 m >> k = m >>= \_ -> k -- See Note [Recursive bindings 
for Applicative/Monad][] 
 []

[62]
Appendix C.

Overfull \hbox (24.65295pt too wide) in paragraph at lines 761--761
\OT1/cmr/m/n/10 Not to be con-fused with the Monad class, the more pleas-ant Mo
noid class, with kind [] \OT1/cmtt/m/n/10 * -> Constraint \OT1/cmr/m/n/10 ,
 []

[63

] [64]
Appendix D.
[65

] [66] [67] [68]
Appendix E.
[69

] [70] [71] [72

]
Appendix F.
[73] [74] [75] [76] [77] [78]
Appendix G.
[79

] [80] [81] [82

]
Appendix H.
[83] [84]
Overfull \hbox (22.66896pt too wide) in paragraph at lines 1031--1031
 []\OT1/cmr/bx/n/10 Note [] \OT1/cmr/m/n/10 In this chap-ter we will use the st
ate monad pro-vided by the mod-ule []
 []


Overfull \hbox (41.32803pt too wide) in paragraph at lines 1031--1031
\OT1/cmr/m/n/10 of the [] pack-age. By read-ing Haskell code in the wild, you w
ill soon meet [],
 []

[85] [86] [87]

LaTeX Warning: Command \textbackslash invalid in math mode on input line 1051.


LaTeX Warning: Command \textbackslash invalid in math mode on input line 1051.

[88]
Overfull \hbox (0.85938pt too wide) in paragraph at lines 1069--1069
\OT1/cmr/m/n/10 Compared to [], this func-tion does not spec-ify the [] type in
 its sig-na-ture and uses[]
 []

Missing character: There is no ï in font cmtt10!
Missing character: There is no ² in font cmtt10!
Missing character: There is no ­ in font cmtt10!
[89]
Missing character: There is no ó in font cmtt10!
Missing character: There is no ‰ in font cmtt10!
Missing character: There is no £ in font cmtt10!
Missing character: There is no ² in font cmtt10!
 [90]
Appendix I.
[91

] [92] [93] [94]
Appendix J.

Overfull \hbox (17.30939pt too wide) in paragraph at lines 1189--1189
[][] \OT1/cmr/m/n/10 value dis-cards or ig-nores the re-sult of eval-u-a-tion, 
such as the re-turn value of an []
 []

[95

] [96] [97] [98] [99] [100] [101] [102]
Overfull \hbox (40.45459pt too wide) in paragraph at lines 1409--1409
[]  \OT1/cmtt/m/n/10 liftM4 :: Monad m => (a1 -> a2 -> a3 -> a4 -> r) -> m a1 -
> m a2 -> m a3 -> m a4 -> m r[] 
 []


Overfull \hbox (113.95395pt too wide) in paragraph at lines 1409--1409
[]  \OT1/cmtt/m/n/10 liftM5 :: Monad m => (a1 -> a2 -> a3 -> a4 -> a5 -> r) -> 
m a1 -> m a2 -> m a3 -> m a4 -> m a5 -> m r[] 
 []

[103] [104

]
Appendix K.
[105]
Overfull \hbox (4.28726pt too wide) in paragraph at lines 1420--1420
[]\OT1/cmr/m/n/10 For the list func-tor, im-ple-ment from scratch (that is, wit
h-out us-ing any-thing from []
 []

[106] [107] [108]
Overfull \hbox (18.20503pt too wide) in paragraph at lines 1440--1440
 []  \OT1/cmtt/m/n/10 --   just consumed, paired with rest of the string. We us
e a do-block  so that[] 
 []


Overfull \hbox (2.45517pt too wide) in paragraph at lines 1440--1440
 []  \OT1/cmtt/m/n/10 --   if the pattern match fails at any point, fail of the
 Maybe monad (i.e.[] 
 []

[109]
Overfull \hbox (5.17053pt too wide) in paragraph at lines 1444--1444
[]\OT1/cmr/m/n/10 Prove the sec-ond monad law, [] for the [] monad. 
 []

[110]
Appendix L.
[111

]
Missing character: There is no ï in font cmtt10!
Missing character: There is no » in font cmtt10!
Missing character: There is no ¿ in font cmtt10!

Underfull \vbox (badness 10000) has occurred while \output is active []

 [112]
Overfull \hbox (40.45459pt too wide) in paragraph at lines 1653--1653
[]\OT1/cmtt/m/n/10 -- https://hackage.haskell.org/package/containers-0.5.7.1/do
cs/src/Data.Tree.html#line-74[] 
 []


Overfull \hbox (50.9545pt too wide) in paragraph at lines 1653--1653
[]\OT1/cmtt/m/n/10 -- fmap (f.g) (Left x) = Left x  == Left x = fmap f (Left x)
 = fmap f (fmap g (Left x))  OK[] 
 []


Overfull \hbox (50.9545pt too wide) in paragraph at lines 1653--1653
[]\OT1/cmtt/m/n/10 --   ==          --------------------------------> because  
 (f.g) y  ==  f (g y)        OK[] 
 []

Missing character: There is no â in font cmtt10!
Missing character: There is no € in font cmtt10!
Missing character: There is no ˜ in font cmtt10!
Missing character: There is no â in font cmtt10!
Missing character: There is no € in font cmtt10!
Missing character: There is no ™ in font cmtt10!

Overfull \hbox (3.70491pt too wide) in paragraph at lines 1653--1653
[]\OT1/cmtt/m/n/10 -- http://hackage.haskell.org/package/base-4.8.2.0/docs/src/
GHC.Base.html#line-612[] 
 []


Underfull \vbox (badness 10000) has occurred while \output is active []

 [113]
Overfull \hbox (40.45459pt too wide) in paragraph at lines 1653--1653
[]\OT1/cmtt/m/n/10 -- mapF id f = id . f  ==  f                                
                           OK[] 
 []


Overfull \hbox (40.45459pt too wide) in paragraph at lines 1653--1653
[]\OT1/cmtt/m/n/10 --       ==          -------------------> because   (alpha.b
eta).f  == alpha.(beta.f)  OK[] 
 []


Overfull \hbox (35.20464pt too wide) in paragraph at lines 1653--1653
[]\OT1/cmtt/m/n/10 --   Nothing <*> (pure x) = Nothing <*> (Just x) == Nothing 
==  (Just ($ y)) <*> Nothing[] 
 []


Overfull \hbox (19.45477pt too wide) in paragraph at lines 1653--1653
[]\OT1/cmtt/m/n/10 --   (Just f) <*> (pure x) = Just (f x)  ==  Just (f $ x) = 
(Just ($ x)) <*> (Just f)[] 
 []


Underfull \vbox (badness 10000) has occurred while \output is active []

 [114]
Overfull \hbox (45.70454pt too wide) in paragraph at lines 1653--1653
[]\OT1/cmtt/m/n/10 --   pure (.) <*> Just u <*> Just v <*> Just a = Just (u.v) 
<*> Just a  ==  Just ((u.v) a)[] 
 []


Overfull \hbox (3.70491pt too wide) in paragraph at lines 1653--1653
[]\OT1/cmtt/m/n/10 -- http://hackage.haskell.org/package/base-4.8.2.0/docs/src/
GHC.Base.html#line-616[] 
 []

[115]
Overfull \hbox (4.28726pt too wide) in paragraph at lines 1654--1654
[]\OT1/cmr/m/n/10 For the list func-tor, im-ple-ment from scratch (that is, wit
h-out us-ing any-thing from []
 []

[116] [117]
Missing character: There is no ï in font cmtt10!
Missing character: There is no » in font cmtt10!
Missing character: There is no ¿ in font cmtt10!

Overfull \hbox (29.95468pt too wide) in paragraph at lines 2412--2412
[]\OT1/cmtt/m/n/10 --   essentially, as soon as we get a Nothing in the do bloc
k, we have  Nothing >>= ...[] 
 []


Underfull \vbox (badness 10000) has occurred while \output is active []

 [118]
Underfull \vbox (badness 10000) has occurred while \output is active []

 [119]
Underfull \vbox (badness 10000) has occurred while \output is active []

 [120]
Missing character: There is no â in font cmtt10!
Missing character: There is no € in font cmtt10!
Missing character: There is no ˜ in font cmtt10!
Missing character: There is no â in font cmtt10!
Missing character: There is no € in font cmtt10!
Missing character: There is no ™ in font cmtt10!
Missing character: There is no â in font cmtt10!
Missing character: There is no € in font cmtt10!
Missing character: There is no ˜ in font cmtt10!
Missing character: There is no â in font cmtt10!
Missing character: There is no € in font cmtt10!
Missing character: There is no ™ in font cmtt10!
Missing character: There is no â in font cmtt10!
Missing character: There is no € in font cmtt10!
Missing character: There is no ˜ in font cmtt10!
Missing character: There is no â in font cmtt10!
Missing character: There is no € in font cmtt10!
Missing character: There is no ™ in font cmtt10!
Missing character: There is no â in font cmtt10!
Missing character: There is no € in font cmtt10!
Missing character: There is no ˜ in font cmtt10!
Missing character: There is no â in font cmtt10!
Missing character: There is no € in font cmtt10!
Missing character: There is no ™ in font cmtt10!

Underfull \vbox (badness 10000) has occurred while \output is active []

 [121]
Underfull \vbox (badness 10000) has occurred while \output is active []

 [122]
Underfull \vbox (badness 10000) has occurred while \output is active []

 [123]
Underfull \vbox (badness 10000) has occurred while \output is active []

 [124]
Underfull \vbox (badness 10000) has occurred while \output is active []

 [125]
Underfull \vbox (badness 10000) has occurred while \output is active []

 [126]
Overfull \hbox (66.70436pt too wide) in paragraph at lines 2412--2412
[]\OT1/cmtt/m/n/10 -- B (B (L 10) (B (L 4) (L 200))) (B (B (L 6) (B (L 3) (L 10
1))) (B (L 15) (B (L 6) (L 300))))[] 
 []


Underfull \vbox (badness 10000) has occurred while \output is active []

 [127]
Overfull \hbox (66.70436pt too wide) in paragraph at lines 2412--2412
[]\OT1/cmtt/m/n/10 -- B (B (L 10) (B (L 6) (L 15))) (B (B (L 4) (B (L 3) (L 6))
) (B (L 200) (B (L 101) (L 300))))[] 
 []


Overfull \hbox (66.70436pt too wide) in paragraph at lines 2412--2412
[]\OT1/cmtt/m/n/10 -- B (B (L 10) (B (L 4) (L 200))) (B (B (L 6) (B (L 3) (L 10
1))) (B (L 15) (B (L 6) (L 300))))[] 
 []


Overfull \hbox (66.70436pt too wide) in paragraph at lines 2412--2412
[]\OT1/cmtt/m/n/10 -- B (B (B (L 15) (B (L 6) (L 300))) (B (L 6) (B (L 3) (L 10
1)))) (B (L 10) (B (L 4) (L 200)))[] 
 []


Underfull \vbox (badness 10000) has occurred while \output is active []

 [128]
Overfull \hbox (3.70491pt too wide) in paragraph at lines 2412--2412
[]\OT1/cmtt/m/n/10 at2' = let f=toEnum.(100+) in B' (B' (L' f) (L' f)) (B' (L' 
f) (B' (L' f) (L' f)))[] 
 []


Underfull \vbox (badness 10000) has occurred while \output is active []

 [129]
Overfull \hbox (66.70436pt too wide) in paragraph at lines 2412--2412
[]\OT1/cmtt/m/n/10 -- B (B (L 10) (B (L 4) (L 200))) (B (B (L 6) (B (L 3) (L 10
1))) (B (L 15) (B (L 6) (L 300))))[] 
 []


Underfull \vbox (badness 10000) has occurred while \output is active []

 [130]
Underfull \vbox (badness 10000) has occurred while \output is active []

 [131]
[132] [133]
Missing character: There is no ï in font cmtt10!
Missing character: There is no » in font cmtt10!
Missing character: There is no ¿ in font cmtt10!

Underfull \vbox (badness 10000) has occurred while \output is active []

 [134]
Underfull \vbox (badness 10000) has occurred while \output is active []

 [135]
Overfull \hbox (3.70491pt too wide) in paragraph at lines 2717--2717
[]\OT1/cmtt/m/n/10 rollNDice n = state ( \gen -> ((take n) $ (randomRs (1,6) ge
n) , (snd.next) gen) )[] 
 []


Underfull \vbox (badness 10000) has occurred while \output is active []

 [136]
Missing character: There is no â in font cmtt10!
Missing character: There is no € in font cmtt10!
Missing character: There is no ˜ in font cmtt10!
Missing character: There is no â in font cmtt10!
Missing character: There is no € in font cmtt10!
Missing character: There is no ™ in font cmtt10!
Missing character: There is no â in font cmtt10!
Missing character: There is no € in font cmtt10!
Missing character: There is no ˜ in font cmtt10!
Missing character: There is no â in font cmtt10!
Missing character: There is no € in font cmtt10!
Missing character: There is no ™ in font cmtt10!
Missing character: There is no â in font cmtt10!
Missing character: There is no € in font cmtt10!
Missing character: There is no ˜ in font cmtt10!
Missing character: There is no â in font cmtt10!
Missing character: There is no € in font cmtt10!
Missing character: There is no ™ in font cmtt10!
Missing character: There is no â in font cmtt10!
Missing character: There is no € in font cmtt10!
Missing character: There is no ˜ in font cmtt10!
Missing character: There is no â in font cmtt10!
Missing character: There is no € in font cmtt10!
Missing character: There is no ™ in font cmtt10!

Underfull \vbox (badness 10000) has occurred while \output is active []

 [137]
Missing character: There is no â in font cmtt10!
Missing character: There is no € in font cmtt10!
Missing character: There is no ˜ in font cmtt10!
Missing character: There is no â in font cmtt10!
Missing character: There is no € in font cmtt10!
Missing character: There is no ™ in font cmtt10!

Underfull \vbox (badness 10000) has occurred while \output is active []

 [138]
Overfull \hbox (161.20354pt too wide) in paragraph at lines 2717--2717
[]\OT1/cmtt/m/n/10 -- (-117157315039303149,0.4883204,'\260381',-259889376345102
5729,0.30447780927171453,False,-5255441486919732037)[] 
 []


Overfull \hbox (161.20354pt too wide) in paragraph at lines 2717--2717
[]\OT1/cmtt/m/n/10 -- (-117157315039303149,0.4883204,'\260381',-259889376345102
5729,0.30447780927171453,False,-5255441486919732037)[] 
 []

[139]
Overfull \hbox (18.20503pt too wide) in paragraph at lines 2725--2725
 []  \OT1/cmtt/m/n/10 --   just consumed, paired with rest of the string. We us
e a do-block  so that[] 
 []


Overfull \hbox (2.45517pt too wide) in paragraph at lines 2725--2725
 []  \OT1/cmtt/m/n/10 --   if the pattern match fails at any point, fail of the
 Maybe monad (i.e.[] 
 []

[140]
Missing character: There is no ï in font cmtt10!
Missing character: There is no » in font cmtt10!
Missing character: There is no ¿ in font cmtt10!

Underfull \vbox (badness 10000) has occurred while \output is active []

 [141]
[142] [143]
Missing character: There is no ï in font cmtt10!
Missing character: There is no » in font cmtt10!
Missing character: There is no ¿ in font cmtt10!
 [144]
Overfull \hbox (5.17053pt too wide) in paragraph at lines 2810--2810
[]\OT1/cmr/m/n/10 Prove the sec-ond monad law, [] for the [] monad. 
 []

[145]
Missing character: There is no ï in font cmtt10!
Missing character: There is no » in font cmtt10!
Missing character: There is no ¿ in font cmtt10!

Underfull \vbox (badness 10000) has occurred while \output is active []

 [146]
Underfull \vbox (badness 10000) has occurred while \output is active []

 [147]
Underfull \vbox (badness 10000) has occurred while \output is active []

 [148]
Underfull \vbox (badness 10000) has occurred while \output is active []

 [149]
Underfull \vbox (badness 10000) has occurred while \output is active []

 [150]
[151] [152

]
Appendix M.
[153] [154

] <FAQ1.pdf, id=1582, 598.235pt x 846.16125pt>
File: FAQ1.pdf Graphic file (type pdf)
 <use FAQ1.pdf>
Package pdftex.def Info: FAQ1.pdf used on input line 3117.
(pdftex.def)             Requested size: 598.23354pt x 846.1592pt.
File: FAQ1.pdf Graphic file (type pdf)

<use FAQ1.pdf>
Package pdftex.def Info: FAQ1.pdf used on input line 3117.
(pdftex.def)             Requested size: 598.23354pt x 846.1592pt.
 <FAQ1.pdf, id=1585, page=1, 598.235pt x 846.16125pt>
File: FAQ1.pdf Graphic file (type pdf)

<use FAQ1.pdf, page 1>
Package pdftex.def Info: FAQ1.pdf, page1 used on input line 3117.
(pdftex.def)             Requested size: 598.23354pt x 846.1592pt.
File: FAQ1.pdf Graphic file (type pdf)
 <use FAQ1.pdf, page 1>
Package pdftex.def Info: FAQ1.pdf, page1 used on input line 3117.
(pdftex.def)             Requested size: 597.55803pt x 845.20375pt.
File: FAQ1.pdf Graphic file (type pdf)
 <use FAQ1.pdf, page 1>
Package pdftex.def Info: FAQ1.pdf, page1 used on input line 3117.
(pdftex.def)             Requested size: 597.55803pt x 845.20375pt.
File: FAQ1.pdf Graphic file (type pdf)

<use FAQ1.pdf, page 1>
Package pdftex.def Info: FAQ1.pdf, page1 used on input line 3117.
(pdftex.def)             Requested size: 597.55803pt x 845.20375pt.
File: FAQ1.pdf Graphic file (type pdf)
 <use FAQ1.pdf, page 1>
Package pdftex.def Info: FAQ1.pdf, page1 used on input line 3117.
(pdftex.def)             Requested size: 597.55803pt x 845.20375pt.
 [155 <./FAQ1.pdf

pdfTeX warning: miktex-pdftex.exe (file ./FAQ1.pdf): PDF inclusion: invalid oth
er resource which is no dict (key 'ProcSets', type <array>); ignored.
>] <FAQ1.pdf, id=1634, page=2, 598.235pt x 846.16125pt>
File: FAQ1.pdf Graphic file (type pdf)
 <use FAQ1.pdf, page 2>
Package pdftex.def Info: FAQ1.pdf, page2 used on input line 3117.
(pdftex.def)             Requested size: 597.55803pt x 845.20375pt.
File: FAQ1.pdf Graphic file (type pdf)

<use FAQ1.pdf, page 2>
Package pdftex.def Info: FAQ1.pdf, page2 used on input line 3117.
(pdftex.def)             Requested size: 597.55803pt x 845.20375pt.
File: FAQ1.pdf Graphic file (type pdf)
 <use FAQ1.pdf, page 2>
Package pdftex.def Info: FAQ1.pdf, page2 used on input line 3117.
(pdftex.def)             Requested size: 597.55803pt x 845.20375pt.
 [156 <./FAQ1.pdf

pdfTeX warning: miktex-pdftex.exe (file ./FAQ1.pdf): PDF inclusion: invalid oth
er resource which is no dict (key 'ProcSets', type <array>); ignored.
>] <FAQ1.pdf, id=1649, page=3, 598.235pt x 846.16125pt>
File: FAQ1.pdf Graphic file (type pdf)
 <use FAQ1.pdf, page 3>
Package pdftex.def Info: FAQ1.pdf, page3 used on input line 3117.
(pdftex.def)             Requested size: 597.55803pt x 845.20375pt.
File: FAQ1.pdf Graphic file (type pdf)

<use FAQ1.pdf, page 3>
Package pdftex.def Info: FAQ1.pdf, page3 used on input line 3117.
(pdftex.def)             Requested size: 597.55803pt x 845.20375pt.
File: FAQ1.pdf Graphic file (type pdf)
 <use FAQ1.pdf, page 3>
Package pdftex.def Info: FAQ1.pdf, page3 used on input line 3117.
(pdftex.def)             Requested size: 597.55803pt x 845.20375pt.
 [157 <./FAQ1.pdf

pdfTeX warning: miktex-pdftex.exe (file ./FAQ1.pdf): PDF inclusion: invalid oth
er resource which is no dict (key 'ProcSets', type <array>); ignored.
>] [158

] <FAQ2.pdf, id=1663, 598.235pt x 846.16125pt>
File: FAQ2.pdf Graphic file (type pdf)
 <use FAQ2.pdf>
Package pdftex.def Info: FAQ2.pdf used on input line 3117.
(pdftex.def)             Requested size: 598.23354pt x 846.1592pt.
File: FAQ2.pdf Graphic file (type pdf)

<use FAQ2.pdf>
Package pdftex.def Info: FAQ2.pdf used on input line 3117.
(pdftex.def)             Requested size: 598.23354pt x 846.1592pt.
 <FAQ2.pdf, id=1666, page=1, 598.235pt x 846.16125pt>
File: FAQ2.pdf Graphic file (type pdf)

<use FAQ2.pdf, page 1>
Package pdftex.def Info: FAQ2.pdf, page1 used on input line 3117.
(pdftex.def)             Requested size: 598.23354pt x 846.1592pt.
File: FAQ2.pdf Graphic file (type pdf)
 <use FAQ2.pdf, page 1>
Package pdftex.def Info: FAQ2.pdf, page1 used on input line 3117.
(pdftex.def)             Requested size: 597.55803pt x 845.20375pt.
File: FAQ2.pdf Graphic file (type pdf)
 <use FAQ2.pdf, page 1>
Package pdftex.def Info: FAQ2.pdf, page1 used on input line 3117.
(pdftex.def)             Requested size: 597.55803pt x 845.20375pt.
File: FAQ2.pdf Graphic file (type pdf)

<use FAQ2.pdf, page 1>
Package pdftex.def Info: FAQ2.pdf, page1 used on input line 3117.
(pdftex.def)             Requested size: 597.55803pt x 845.20375pt.
File: FAQ2.pdf Graphic file (type pdf)
 <use FAQ2.pdf, page 1>
Package pdftex.def Info: FAQ2.pdf, page1 used on input line 3117.
(pdftex.def)             Requested size: 597.55803pt x 845.20375pt.
 [159 <./FAQ2.pdf

pdfTeX warning: miktex-pdftex.exe (file ./FAQ2.pdf): PDF inclusion: invalid oth
er resource which is no dict (key 'ProcSets', type <array>); ignored.
>] <FAQ2.pdf, id=1699, page=2, 598.235pt x 846.16125pt>
File: FAQ2.pdf Graphic file (type pdf)
 <use FAQ2.pdf, page 2>
Package pdftex.def Info: FAQ2.pdf, page2 used on input line 3117.
(pdftex.def)             Requested size: 597.55803pt x 845.20375pt.
File: FAQ2.pdf Graphic file (type pdf)

<use FAQ2.pdf, page 2>
Package pdftex.def Info: FAQ2.pdf, page2 used on input line 3117.
(pdftex.def)             Requested size: 597.55803pt x 845.20375pt.
File: FAQ2.pdf Graphic file (type pdf)
 <use FAQ2.pdf, page 2>
Package pdftex.def Info: FAQ2.pdf, page2 used on input line 3117.
(pdftex.def)             Requested size: 597.55803pt x 845.20375pt.
 [160 <./FAQ2.pdf

pdfTeX warning: miktex-pdftex.exe (file ./FAQ2.pdf): PDF inclusion: invalid oth
er resource which is no dict (key 'ProcSets', type <array>); ignored.
>] <FAQ2.pdf, id=1721, page=3, 598.235pt x 846.16125pt>
File: FAQ2.pdf Graphic file (type pdf)
 <use FAQ2.pdf, page 3>
Package pdftex.def Info: FAQ2.pdf, page3 used on input line 3117.
(pdftex.def)             Requested size: 597.55803pt x 845.20375pt.
File: FAQ2.pdf Graphic file (type pdf)

<use FAQ2.pdf, page 3>
Package pdftex.def Info: FAQ2.pdf, page3 used on input line 3117.
(pdftex.def)             Requested size: 597.55803pt x 845.20375pt.
File: FAQ2.pdf Graphic file (type pdf)
 <use FAQ2.pdf, page 3>
Package pdftex.def Info: FAQ2.pdf, page3 used on input line 3117.
(pdftex.def)             Requested size: 597.55803pt x 845.20375pt.
 [161 <./FAQ2.pdf

pdfTeX warning: miktex-pdftex.exe (file ./FAQ2.pdf): PDF inclusion: invalid oth
er resource which is no dict (key 'ProcSets', type <array>); ignored.
>] <FAQ2.pdf, id=1726, page=4, 598.235pt x 846.16125pt>
File: FAQ2.pdf Graphic file (type pdf)
 <use FAQ2.pdf, page 4>
Package pdftex.def Info: FAQ2.pdf, page4 used on input line 3117.
(pdftex.def)             Requested size: 597.55803pt x 845.20375pt.
File: FAQ2.pdf Graphic file (type pdf)

<use FAQ2.pdf, page 4>
Package pdftex.def Info: FAQ2.pdf, page4 used on input line 3117.
(pdftex.def)             Requested size: 597.55803pt x 845.20375pt.
File: FAQ2.pdf Graphic file (type pdf)
 <use FAQ2.pdf, page 4>
Package pdftex.def Info: FAQ2.pdf, page4 used on input line 3117.
(pdftex.def)             Requested size: 597.55803pt x 845.20375pt.
 [162 <./FAQ2.pdf

pdfTeX warning: miktex-pdftex.exe (file ./FAQ2.pdf): PDF inclusion: invalid oth
er resource which is no dict (key 'ProcSets', type <array>); ignored.
>] <FAQ2.pdf, id=1736, page=5, 598.235pt x 846.16125pt>
File: FAQ2.pdf Graphic file (type pdf)
 <use FAQ2.pdf, page 5>
Package pdftex.def Info: FAQ2.pdf, page5 used on input line 3117.
(pdftex.def)             Requested size: 597.55803pt x 845.20375pt.
File: FAQ2.pdf Graphic file (type pdf)

<use FAQ2.pdf, page 5>
Package pdftex.def Info: FAQ2.pdf, page5 used on input line 3117.
(pdftex.def)             Requested size: 597.55803pt x 845.20375pt.
File: FAQ2.pdf Graphic file (type pdf)
 <use FAQ2.pdf, page 5>
Package pdftex.def Info: FAQ2.pdf, page5 used on input line 3117.
(pdftex.def)             Requested size: 597.55803pt x 845.20375pt.
 [163 <./FAQ2.pdf

pdfTeX warning: miktex-pdftex.exe (file ./FAQ2.pdf): PDF inclusion: invalid oth
er resource which is no dict (key 'ProcSets', type <array>); ignored.
>] <FAQ2.pdf, id=1746, page=6, 598.235pt x 846.16125pt>
File: FAQ2.pdf Graphic file (type pdf)
 <use FAQ2.pdf, page 6>
Package pdftex.def Info: FAQ2.pdf, page6 used on input line 3117.
(pdftex.def)             Requested size: 597.55803pt x 845.20375pt.
File: FAQ2.pdf Graphic file (type pdf)

<use FAQ2.pdf, page 6>
Package pdftex.def Info: FAQ2.pdf, page6 used on input line 3117.
(pdftex.def)             Requested size: 597.55803pt x 845.20375pt.
File: FAQ2.pdf Graphic file (type pdf)
 <use FAQ2.pdf, page 6>
Package pdftex.def Info: FAQ2.pdf, page6 used on input line 3117.
(pdftex.def)             Requested size: 597.55803pt x 845.20375pt.
 [164 <./FAQ2.pdf

pdfTeX warning: miktex-pdftex.exe (file ./FAQ2.pdf): PDF inclusion: invalid oth
er resource which is no dict (key 'ProcSets', type <array>); ignored.
>] <FAQ3.pdf, id=1751, 598.235pt x 846.16125pt>
File: FAQ3.pdf Graphic file (type pdf)
 <use FAQ3.pdf>
Package pdftex.def Info: FAQ3.pdf used on input line 3117.
(pdftex.def)             Requested size: 598.23354pt x 846.1592pt.
File: FAQ3.pdf Graphic file (type pdf)
 <use FAQ3.pdf>
Package pdftex.def Info: FAQ3.pdf used on input line 3117.
(pdftex.def)             Requested size: 598.23354pt x 846.1592pt.

<FAQ3.pdf, id=1754, page=1, 598.235pt x 846.16125pt>
File: FAQ3.pdf Graphic file (type pdf)
 <use FAQ3.pdf, page 1>
Package pdftex.def Info: FAQ3.pdf, page1 used on input line 3117.
(pdftex.def)             Requested size: 598.23354pt x 846.1592pt.
File: FAQ3.pdf Graphic file (type pdf)

<use FAQ3.pdf, page 1>
Package pdftex.def Info: FAQ3.pdf, page1 used on input line 3117.
(pdftex.def)             Requested size: 597.55803pt x 845.20375pt.
File: FAQ3.pdf Graphic file (type pdf)
 <use FAQ3.pdf, page 1>
Package pdftex.def Info: FAQ3.pdf, page1 used on input line 3117.
(pdftex.def)             Requested size: 597.55803pt x 845.20375pt.
File: FAQ3.pdf Graphic file (type pdf)
 <use FAQ3.pdf, page 1>
Package pdftex.def Info: FAQ3.pdf, page1 used on input line 3117.
(pdftex.def)             Requested size: 597.55803pt x 845.20375pt.
File: FAQ3.pdf Graphic file (type pdf)

<use FAQ3.pdf, page 1>
Package pdftex.def Info: FAQ3.pdf, page1 used on input line 3117.
(pdftex.def)             Requested size: 597.55803pt x 845.20375pt.
 [165

 <./FAQ3.pdf

pdfTeX warning: miktex-pdftex.exe (file ./FAQ3.pdf): PDF inclusion: invalid oth
er resource which is no dict (key 'ProcSets', type <array>); ignored.
>] <FAQ3.pdf, id=1790, page=2, 598.235pt x 846.16125pt>
File: FAQ3.pdf Graphic file (type pdf)
 <use FAQ3.pdf, page 2>
Package pdftex.def Info: FAQ3.pdf, page2 used on input line 3117.
(pdftex.def)             Requested size: 597.55803pt x 845.20375pt.
File: FAQ3.pdf Graphic file (type pdf)

<use FAQ3.pdf, page 2>
Package pdftex.def Info: FAQ3.pdf, page2 used on input line 3117.
(pdftex.def)             Requested size: 597.55803pt x 845.20375pt.
File: FAQ3.pdf Graphic file (type pdf)
 <use FAQ3.pdf, page 2>
Package pdftex.def Info: FAQ3.pdf, page2 used on input line 3117.
(pdftex.def)             Requested size: 597.55803pt x 845.20375pt.
 [166 <./FAQ3.pdf

pdfTeX warning: miktex-pdftex.exe (file ./FAQ3.pdf): PDF inclusion: invalid oth
er resource which is no dict (key 'ProcSets', type <array>); ignored.
>] <FAQ3.pdf, id=1803, page=3, 598.235pt x 846.16125pt>
File: FAQ3.pdf Graphic file (type pdf)
 <use FAQ3.pdf, page 3>
Package pdftex.def Info: FAQ3.pdf, page3 used on input line 3117.
(pdftex.def)             Requested size: 597.55803pt x 845.20375pt.
File: FAQ3.pdf Graphic file (type pdf)

<use FAQ3.pdf, page 3>
Package pdftex.def Info: FAQ3.pdf, page3 used on input line 3117.
(pdftex.def)             Requested size: 597.55803pt x 845.20375pt.
File: FAQ3.pdf Graphic file (type pdf)
 <use FAQ3.pdf, page 3>
Package pdftex.def Info: FAQ3.pdf, page3 used on input line 3117.
(pdftex.def)             Requested size: 597.55803pt x 845.20375pt.
 [167 <./FAQ3.pdf

pdfTeX warning: miktex-pdftex.exe (file ./FAQ3.pdf): PDF inclusion: invalid oth
er resource which is no dict (key 'ProcSets', type <array>); ignored.
>] [168

] <FAQ3-1.pdf, id=1815, 598.235pt x 846.16125pt>
File: FAQ3-1.pdf Graphic file (type pdf)
 <use FAQ3-1.pdf>
Package pdftex.def Info: FAQ3-1.pdf used on input line 3117.
(pdftex.def)             Requested size: 598.23354pt x 846.1592pt.
File: FAQ3-1.pdf Graphic file (type pdf)

<use FAQ3-1.pdf>
Package pdftex.def Info: FAQ3-1.pdf used on input line 3117.
(pdftex.def)             Requested size: 598.23354pt x 846.1592pt.
 <FAQ3-1.pdf, id=1818, page=1, 598.235pt x 846.16125pt>
File: FAQ3-1.pdf Graphic file (type pdf)

<use FAQ3-1.pdf, page 1>
Package pdftex.def Info: FAQ3-1.pdf, page1 used on input line 3117.
(pdftex.def)             Requested size: 598.23354pt x 846.1592pt.
File: FAQ3-1.pdf Graphic file (type pdf)
 <use FAQ3-1.pdf, page 1>
Package pdftex.def Info: FAQ3-1.pdf, page1 used on input line 3117.
(pdftex.def)             Requested size: 597.55803pt x 845.20375pt.
File: FAQ3-1.pdf Graphic file (type pdf)
 <use FAQ3-1.pdf, page 1>
Package pdftex.def Info: FAQ3-1.pdf, page1 used on input line 3117.
(pdftex.def)             Requested size: 597.55803pt x 845.20375pt.
File: FAQ3-1.pdf Graphic file (type pdf)

<use FAQ3-1.pdf, page 1>
Package pdftex.def Info: FAQ3-1.pdf, page1 used on input line 3117.
(pdftex.def)             Requested size: 597.55803pt x 845.20375pt.
File: FAQ3-1.pdf Graphic file (type pdf)
 <use FAQ3-1.pdf, page 1>
Package pdftex.def Info: FAQ3-1.pdf, page1 used on input line 3117.
(pdftex.def)             Requested size: 597.55803pt x 845.20375pt.
 [169 <./FAQ3-1.pdf

pdfTeX warning: miktex-pdftex.exe (file ./FAQ3-1.pdf): PDF inclusion: invalid o
ther resource which is no dict (key 'ProcSets', type <array>); ignored.
>] <FAQ3-1.pdf, id=1852, page=2, 598.235pt x 846.16125pt>
File: FAQ3-1.pdf Graphic file (type pdf)

<use FAQ3-1.pdf, page 2>
Package pdftex.def Info: FAQ3-1.pdf, page2 used on input line 3117.
(pdftex.def)             Requested size: 597.55803pt x 845.20375pt.
File: FAQ3-1.pdf Graphic file (type pdf)
 <use FAQ3-1.pdf, page 2>
Package pdftex.def Info: FAQ3-1.pdf, page2 used on input line 3117.
(pdftex.def)             Requested size: 597.55803pt x 845.20375pt.
File: FAQ3-1.pdf Graphic file (type pdf)
 <use FAQ3-1.pdf, page 2>
Package pdftex.def Info: FAQ3-1.pdf, page2 used on input line 3117.
(pdftex.def)             Requested size: 597.55803pt x 845.20375pt.

[170 <./FAQ3-1.pdf

pdfTeX warning: miktex-pdftex.exe (file ./FAQ3-1.pdf): PDF inclusion: invalid o
ther resource which is no dict (key 'ProcSets', type <array>); ignored.
>] <FAQ3-1.pdf, id=1867, page=3, 598.235pt x 846.16125pt>
File: FAQ3-1.pdf Graphic file (type pdf)

<use FAQ3-1.pdf, page 3>
Package pdftex.def Info: FAQ3-1.pdf, page3 used on input line 3117.
(pdftex.def)             Requested size: 597.55803pt x 845.20375pt.
File: FAQ3-1.pdf Graphic file (type pdf)
 <use FAQ3-1.pdf, page 3>
Package pdftex.def Info: FAQ3-1.pdf, page3 used on input line 3117.
(pdftex.def)             Requested size: 597.55803pt x 845.20375pt.
File: FAQ3-1.pdf Graphic file (type pdf)
 <use FAQ3-1.pdf, page 3>
Package pdftex.def Info: FAQ3-1.pdf, page3 used on input line 3117.
(pdftex.def)             Requested size: 597.55803pt x 845.20375pt.

[171 <./FAQ3-1.pdf

pdfTeX warning: miktex-pdftex.exe (file ./FAQ3-1.pdf): PDF inclusion: invalid o
ther resource which is no dict (key 'ProcSets', type <array>); ignored.
>] <FAQ3-1.pdf, id=1874, page=4, 598.235pt x 846.16125pt>
File: FAQ3-1.pdf Graphic file (type pdf)

<use FAQ3-1.pdf, page 4>
Package pdftex.def Info: FAQ3-1.pdf, page4 used on input line 3117.
(pdftex.def)             Requested size: 597.55803pt x 845.20375pt.
File: FAQ3-1.pdf Graphic file (type pdf)
 <use FAQ3-1.pdf, page 4>
Package pdftex.def Info: FAQ3-1.pdf, page4 used on input line 3117.
(pdftex.def)             Requested size: 597.55803pt x 845.20375pt.
File: FAQ3-1.pdf Graphic file (type pdf)
 <use FAQ3-1.pdf, page 4>
Package pdftex.def Info: FAQ3-1.pdf, page4 used on input line 3117.
(pdftex.def)             Requested size: 597.55803pt x 845.20375pt.

[172 <./FAQ3-1.pdf

pdfTeX warning: miktex-pdftex.exe (file ./FAQ3-1.pdf): PDF inclusion: invalid o
ther resource which is no dict (key 'ProcSets', type <array>); ignored.
>] <FAQ4.pdf, id=1887, 598.235pt x 846.16125pt>
File: FAQ4.pdf Graphic file (type pdf)
 <use FAQ4.pdf>
Package pdftex.def Info: FAQ4.pdf used on input line 3117.
(pdftex.def)             Requested size: 598.23354pt x 846.1592pt.
File: FAQ4.pdf Graphic file (type pdf)
 <use FAQ4.pdf>
Package pdftex.def Info: FAQ4.pdf used on input line 3117.
(pdftex.def)             Requested size: 598.23354pt x 846.1592pt.

<FAQ4.pdf, id=1890, page=1, 598.235pt x 846.16125pt>
File: FAQ4.pdf Graphic file (type pdf)
 <use FAQ4.pdf, page 1>
Package pdftex.def Info: FAQ4.pdf, page1 used on input line 3117.
(pdftex.def)             Requested size: 598.23354pt x 846.1592pt.
File: FAQ4.pdf Graphic file (type pdf)

<use FAQ4.pdf, page 1>
Package pdftex.def Info: FAQ4.pdf, page1 used on input line 3117.
(pdftex.def)             Requested size: 597.55803pt x 845.20375pt.
File: FAQ4.pdf Graphic file (type pdf)
 <use FAQ4.pdf, page 1>
Package pdftex.def Info: FAQ4.pdf, page1 used on input line 3117.
(pdftex.def)             Requested size: 597.55803pt x 845.20375pt.
File: FAQ4.pdf Graphic file (type pdf)
 <use FAQ4.pdf, page 1>
Package pdftex.def Info: FAQ4.pdf, page1 used on input line 3117.
(pdftex.def)             Requested size: 597.55803pt x 845.20375pt.
File: FAQ4.pdf Graphic file (type pdf)

<use FAQ4.pdf, page 1>
Package pdftex.def Info: FAQ4.pdf, page1 used on input line 3117.
(pdftex.def)             Requested size: 597.55803pt x 845.20375pt.
 [173

 <./FAQ4.pdf

pdfTeX warning: miktex-pdftex.exe (file ./FAQ4.pdf): PDF inclusion: invalid oth
er resource which is no dict (key 'ProcSets', type <array>); ignored.
>] <FAQ4.pdf, id=1929, page=2, 598.235pt x 846.16125pt>
File: FAQ4.pdf Graphic file (type pdf)
 <use FAQ4.pdf, page 2>
Package pdftex.def Info: FAQ4.pdf, page2 used on input line 3117.
(pdftex.def)             Requested size: 597.55803pt x 845.20375pt.
File: FAQ4.pdf Graphic file (type pdf)

<use FAQ4.pdf, page 2>
Package pdftex.def Info: FAQ4.pdf, page2 used on input line 3117.
(pdftex.def)             Requested size: 597.55803pt x 845.20375pt.
File: FAQ4.pdf Graphic file (type pdf)
 <use FAQ4.pdf, page 2>
Package pdftex.def Info: FAQ4.pdf, page2 used on input line 3117.
(pdftex.def)             Requested size: 597.55803pt x 845.20375pt.
 [174 <./FAQ4.pdf

pdfTeX warning: miktex-pdftex.exe (file ./FAQ4.pdf): PDF inclusion: invalid oth
er resource which is no dict (key 'ProcSets', type <array>); ignored.
>] <FAQ4.pdf, id=1940, page=3, 598.235pt x 846.16125pt>
File: FAQ4.pdf Graphic file (type pdf)
 <use FAQ4.pdf, page 3>
Package pdftex.def Info: FAQ4.pdf, page3 used on input line 3117.
(pdftex.def)             Requested size: 597.55803pt x 845.20375pt.
File: FAQ4.pdf Graphic file (type pdf)

<use FAQ4.pdf, page 3>
Package pdftex.def Info: FAQ4.pdf, page3 used on input line 3117.
(pdftex.def)             Requested size: 597.55803pt x 845.20375pt.
File: FAQ4.pdf Graphic file (type pdf)
 <use FAQ4.pdf, page 3>
Package pdftex.def Info: FAQ4.pdf, page3 used on input line 3117.
(pdftex.def)             Requested size: 597.55803pt x 845.20375pt.
 [175 <./FAQ4.pdf

pdfTeX warning: miktex-pdftex.exe (file ./FAQ4.pdf): PDF inclusion: invalid oth
er resource which is no dict (key 'ProcSets', type <array>); ignored.
>] [176

] <FAQ5.pdf, id=1950, 598.235pt x 846.16125pt>
File: FAQ5.pdf Graphic file (type pdf)
 <use FAQ5.pdf>
Package pdftex.def Info: FAQ5.pdf used on input line 3117.
(pdftex.def)             Requested size: 598.23354pt x 846.1592pt.
File: FAQ5.pdf Graphic file (type pdf)

<use FAQ5.pdf>
Package pdftex.def Info: FAQ5.pdf used on input line 3117.
(pdftex.def)             Requested size: 598.23354pt x 846.1592pt.
 <FAQ5.pdf, id=1953, page=1, 598.235pt x 846.16125pt>
File: FAQ5.pdf Graphic file (type pdf)

<use FAQ5.pdf, page 1>
Package pdftex.def Info: FAQ5.pdf, page1 used on input line 3117.
(pdftex.def)             Requested size: 598.23354pt x 846.1592pt.
File: FAQ5.pdf Graphic file (type pdf)
 <use FAQ5.pdf, page 1>
Package pdftex.def Info: FAQ5.pdf, page1 used on input line 3117.
(pdftex.def)             Requested size: 597.55803pt x 845.20375pt.
File: FAQ5.pdf Graphic file (type pdf)
 <use FAQ5.pdf, page 1>
Package pdftex.def Info: FAQ5.pdf, page1 used on input line 3117.
(pdftex.def)             Requested size: 597.55803pt x 845.20375pt.
File: FAQ5.pdf Graphic file (type pdf)

<use FAQ5.pdf, page 1>
Package pdftex.def Info: FAQ5.pdf, page1 used on input line 3117.
(pdftex.def)             Requested size: 597.55803pt x 845.20375pt.
File: FAQ5.pdf Graphic file (type pdf)
 <use FAQ5.pdf, page 1>
Package pdftex.def Info: FAQ5.pdf, page1 used on input line 3117.
(pdftex.def)             Requested size: 597.55803pt x 845.20375pt.
 [177 <./FAQ5.pdf

pdfTeX warning: miktex-pdftex.exe (file ./FAQ5.pdf): PDF inclusion: invalid oth
er resource which is no dict (key 'ProcSets', type <array>); ignored.
>] <FAQ5.pdf, id=1987, page=2, 598.235pt x 846.16125pt>
File: FAQ5.pdf Graphic file (type pdf)
 <use FAQ5.pdf, page 2>
Package pdftex.def Info: FAQ5.pdf, page2 used on input line 3117.
(pdftex.def)             Requested size: 597.55803pt x 845.20375pt.
File: FAQ5.pdf Graphic file (type pdf)

<use FAQ5.pdf, page 2>
Package pdftex.def Info: FAQ5.pdf, page2 used on input line 3117.
(pdftex.def)             Requested size: 597.55803pt x 845.20375pt.
File: FAQ5.pdf Graphic file (type pdf)
 <use FAQ5.pdf, page 2>
Package pdftex.def Info: FAQ5.pdf, page2 used on input line 3117.
(pdftex.def)             Requested size: 597.55803pt x 845.20375pt.
 [178 <./FAQ5.pdf

pdfTeX warning: miktex-pdftex.exe (file ./FAQ5.pdf): PDF inclusion: invalid oth
er resource which is no dict (key 'ProcSets', type <array>); ignored.
>] <FAQ6.pdf, id=1995, 598.235pt x 846.16125pt>
File: FAQ6.pdf Graphic file (type pdf)
 <use FAQ6.pdf>
Package pdftex.def Info: FAQ6.pdf used on input line 3117.
(pdftex.def)             Requested size: 598.23354pt x 846.1592pt.
File: FAQ6.pdf Graphic file (type pdf)
 <use FAQ6.pdf>
Package pdftex.def Info: FAQ6.pdf used on input line 3117.
(pdftex.def)             Requested size: 598.23354pt x 846.1592pt.

<FAQ6.pdf, id=1998, page=1, 598.235pt x 846.16125pt>
File: FAQ6.pdf Graphic file (type pdf)
 <use FAQ6.pdf, page 1>
Package pdftex.def Info: FAQ6.pdf, page1 used on input line 3117.
(pdftex.def)             Requested size: 598.23354pt x 846.1592pt.
File: FAQ6.pdf Graphic file (type pdf)

<use FAQ6.pdf, page 1>
Package pdftex.def Info: FAQ6.pdf, page1 used on input line 3117.
(pdftex.def)             Requested size: 597.55803pt x 845.20375pt.
File: FAQ6.pdf Graphic file (type pdf)
 <use FAQ6.pdf, page 1>
Package pdftex.def Info: FAQ6.pdf, page1 used on input line 3117.
(pdftex.def)             Requested size: 597.55803pt x 845.20375pt.
File: FAQ6.pdf Graphic file (type pdf)
 <use FAQ6.pdf, page 1>
Package pdftex.def Info: FAQ6.pdf, page1 used on input line 3117.
(pdftex.def)             Requested size: 597.55803pt x 845.20375pt.
File: FAQ6.pdf Graphic file (type pdf)

<use FAQ6.pdf, page 1>
Package pdftex.def Info: FAQ6.pdf, page1 used on input line 3117.
(pdftex.def)             Requested size: 597.55803pt x 845.20375pt.
 [179

 <./FAQ6.pdf

pdfTeX warning: miktex-pdftex.exe (file ./FAQ6.pdf): PDF inclusion: invalid oth
er resource which is no dict (key 'ProcSets', type <array>); ignored.
>] <FAQ6.pdf, id=2036, page=2, 598.235pt x 846.16125pt>
File: FAQ6.pdf Graphic file (type pdf)
 <use FAQ6.pdf, page 2>
Package pdftex.def Info: FAQ6.pdf, page2 used on input line 3117.
(pdftex.def)             Requested size: 597.55803pt x 845.20375pt.
File: FAQ6.pdf Graphic file (type pdf)

<use FAQ6.pdf, page 2>
Package pdftex.def Info: FAQ6.pdf, page2 used on input line 3117.
(pdftex.def)             Requested size: 597.55803pt x 845.20375pt.
File: FAQ6.pdf Graphic file (type pdf)
 <use FAQ6.pdf, page 2>
Package pdftex.def Info: FAQ6.pdf, page2 used on input line 3117.
(pdftex.def)             Requested size: 597.55803pt x 845.20375pt.
 [180 <./FAQ6.pdf

pdfTeX warning: miktex-pdftex.exe (file ./FAQ6.pdf): PDF inclusion: invalid oth
er resource which is no dict (key 'ProcSets', type <array>); ignored.
>] <FAQ6.pdf, id=2046, page=3, 598.235pt x 846.16125pt>
File: FAQ6.pdf Graphic file (type pdf)
 <use FAQ6.pdf, page 3>
Package pdftex.def Info: FAQ6.pdf, page3 used on input line 3117.
(pdftex.def)             Requested size: 597.55803pt x 845.20375pt.
File: FAQ6.pdf Graphic file (type pdf)

<use FAQ6.pdf, page 3>
Package pdftex.def Info: FAQ6.pdf, page3 used on input line 3117.
(pdftex.def)             Requested size: 597.55803pt x 845.20375pt.
File: FAQ6.pdf Graphic file (type pdf)
 <use FAQ6.pdf, page 3>
Package pdftex.def Info: FAQ6.pdf, page3 used on input line 3117.
(pdftex.def)             Requested size: 597.55803pt x 845.20375pt.
 [181 <./FAQ6.pdf

pdfTeX warning: miktex-pdftex.exe (file ./FAQ6.pdf): PDF inclusion: invalid oth
er resource which is no dict (key 'ProcSets', type <array>); ignored.
>] <FAQ6.pdf, id=2057, page=4, 598.235pt x 846.16125pt>
File: FAQ6.pdf Graphic file (type pdf)
 <use FAQ6.pdf, page 4>
Package pdftex.def Info: FAQ6.pdf, page4 used on input line 3117.
(pdftex.def)             Requested size: 597.55803pt x 845.20375pt.
File: FAQ6.pdf Graphic file (type pdf)

<use FAQ6.pdf, page 4>
Package pdftex.def Info: FAQ6.pdf, page4 used on input line 3117.
(pdftex.def)             Requested size: 597.55803pt x 845.20375pt.
File: FAQ6.pdf Graphic file (type pdf)
 <use FAQ6.pdf, page 4>
Package pdftex.def Info: FAQ6.pdf, page4 used on input line 3117.
(pdftex.def)             Requested size: 597.55803pt x 845.20375pt.
 [182 <./FAQ6.pdf

pdfTeX warning: miktex-pdftex.exe (file ./FAQ6.pdf): PDF inclusion: invalid oth
er resource which is no dict (key 'ProcSets', type <array>); ignored.
>] <FAQ6.pdf, id=2062, page=5, 598.235pt x 846.16125pt>
File: FAQ6.pdf Graphic file (type pdf)
 <use FAQ6.pdf, page 5>
Package pdftex.def Info: FAQ6.pdf, page5 used on input line 3117.
(pdftex.def)             Requested size: 597.55803pt x 845.20375pt.
File: FAQ6.pdf Graphic file (type pdf)

<use FAQ6.pdf, page 5>
Package pdftex.def Info: FAQ6.pdf, page5 used on input line 3117.
(pdftex.def)             Requested size: 597.55803pt x 845.20375pt.
File: FAQ6.pdf Graphic file (type pdf)
 <use FAQ6.pdf, page 5>
Package pdftex.def Info: FAQ6.pdf, page5 used on input line 3117.
(pdftex.def)             Requested size: 597.55803pt x 845.20375pt.
 [183 <./FAQ6.pdf

pdfTeX warning: miktex-pdftex.exe (file ./FAQ6.pdf): PDF inclusion: invalid oth
er resource which is no dict (key 'ProcSets', type <array>); ignored.
>] <FAQ6.pdf, id=2068, page=6, 598.235pt x 846.16125pt>
File: FAQ6.pdf Graphic file (type pdf)
 <use FAQ6.pdf, page 6>
Package pdftex.def Info: FAQ6.pdf, page6 used on input line 3117.
(pdftex.def)             Requested size: 597.55803pt x 845.20375pt.
File: FAQ6.pdf Graphic file (type pdf)

<use FAQ6.pdf, page 6>
Package pdftex.def Info: FAQ6.pdf, page6 used on input line 3117.
(pdftex.def)             Requested size: 597.55803pt x 845.20375pt.
File: FAQ6.pdf Graphic file (type pdf)
 <use FAQ6.pdf, page 6>
Package pdftex.def Info: FAQ6.pdf, page6 used on input line 3117.
(pdftex.def)             Requested size: 597.55803pt x 845.20375pt.
 [184 <./FAQ6.pdf

pdfTeX warning: miktex-pdftex.exe (file ./FAQ6.pdf): PDF inclusion: invalid oth
er resource which is no dict (key 'ProcSets', type <array>); ignored.
>] <FAQ6.pdf, id=2073, page=7, 598.235pt x 846.16125pt>
File: FAQ6.pdf Graphic file (type pdf)
 <use FAQ6.pdf, page 7>
Package pdftex.def Info: FAQ6.pdf, page7 used on input line 3117.
(pdftex.def)             Requested size: 597.55803pt x 845.20375pt.
File: FAQ6.pdf Graphic file (type pdf)

<use FAQ6.pdf, page 7>
Package pdftex.def Info: FAQ6.pdf, page7 used on input line 3117.
(pdftex.def)             Requested size: 597.55803pt x 845.20375pt.
File: FAQ6.pdf Graphic file (type pdf)
 <use FAQ6.pdf, page 7>
Package pdftex.def Info: FAQ6.pdf, page7 used on input line 3117.
(pdftex.def)             Requested size: 597.55803pt x 845.20375pt.
 [185 <./FAQ6.pdf

pdfTeX warning: miktex-pdftex.exe (file ./FAQ6.pdf): PDF inclusion: invalid oth
er resource which is no dict (key 'ProcSets', type <array>); ignored.
>] <FAQ6.pdf, id=2078, page=8, 598.235pt x 846.16125pt>
File: FAQ6.pdf Graphic file (type pdf)
 <use FAQ6.pdf, page 8>
Package pdftex.def Info: FAQ6.pdf, page8 used on input line 3117.
(pdftex.def)             Requested size: 597.55803pt x 845.20375pt.
File: FAQ6.pdf Graphic file (type pdf)

<use FAQ6.pdf, page 8>
Package pdftex.def Info: FAQ6.pdf, page8 used on input line 3117.
(pdftex.def)             Requested size: 597.55803pt x 845.20375pt.
File: FAQ6.pdf Graphic file (type pdf)
 <use FAQ6.pdf, page 8>
Package pdftex.def Info: FAQ6.pdf, page8 used on input line 3117.
(pdftex.def)             Requested size: 597.55803pt x 845.20375pt.
 [186 <./FAQ6.pdf

pdfTeX warning: miktex-pdftex.exe (file ./FAQ6.pdf): PDF inclusion: invalid oth
er resource which is no dict (key 'ProcSets', type <array>); ignored.
>] <FAQ6.pdf, id=2083, page=9, 598.235pt x 846.16125pt>
File: FAQ6.pdf Graphic file (type pdf)
 <use FAQ6.pdf, page 9>
Package pdftex.def Info: FAQ6.pdf, page9 used on input line 3117.
(pdftex.def)             Requested size: 597.55803pt x 845.20375pt.
File: FAQ6.pdf Graphic file (type pdf)

<use FAQ6.pdf, page 9>
Package pdftex.def Info: FAQ6.pdf, page9 used on input line 3117.
(pdftex.def)             Requested size: 597.55803pt x 845.20375pt.
File: FAQ6.pdf Graphic file (type pdf)
 <use FAQ6.pdf, page 9>
Package pdftex.def Info: FAQ6.pdf, page9 used on input line 3117.
(pdftex.def)             Requested size: 597.55803pt x 845.20375pt.
 [187 <./FAQ6.pdf

pdfTeX warning: miktex-pdftex.exe (file ./FAQ6.pdf): PDF inclusion: invalid oth
er resource which is no dict (key 'ProcSets', type <array>); ignored.
>] <FAQ6.pdf, id=2090, page=10, 598.235pt x 846.16125pt>
File: FAQ6.pdf Graphic file (type pdf)

<use FAQ6.pdf, page 10>
Package pdftex.def Info: FAQ6.pdf, page10 used on input line 3117.
(pdftex.def)             Requested size: 597.55803pt x 845.20375pt.
File: FAQ6.pdf Graphic file (type pdf)
 <use FAQ6.pdf, page 10>
Package pdftex.def Info: FAQ6.pdf, page10 used on input line 3117.
(pdftex.def)             Requested size: 597.55803pt x 845.20375pt.
File: FAQ6.pdf Graphic file (type pdf)
 <use FAQ6.pdf, page 10>
Package pdftex.def Info: FAQ6.pdf, page10 used on input line 3117.
(pdftex.def)             Requested size: 597.55803pt x 845.20375pt.

[188 <./FAQ6.pdf

pdfTeX warning: miktex-pdftex.exe (file ./FAQ6.pdf): PDF inclusion: invalid oth
er resource which is no dict (key 'ProcSets', type <array>); ignored.
>] <FAQ6.pdf, id=2095, page=11, 598.235pt x 846.16125pt>
File: FAQ6.pdf Graphic file (type pdf)

<use FAQ6.pdf, page 11>
Package pdftex.def Info: FAQ6.pdf, page11 used on input line 3117.
(pdftex.def)             Requested size: 597.55803pt x 845.20375pt.
File: FAQ6.pdf Graphic file (type pdf)
 <use FAQ6.pdf, page 11>
Package pdftex.def Info: FAQ6.pdf, page11 used on input line 3117.
(pdftex.def)             Requested size: 597.55803pt x 845.20375pt.
File: FAQ6.pdf Graphic file (type pdf)
 <use FAQ6.pdf, page 11>
Package pdftex.def Info: FAQ6.pdf, page11 used on input line 3117.
(pdftex.def)             Requested size: 597.55803pt x 845.20375pt.

[189 <./FAQ6.pdf

pdfTeX warning: miktex-pdftex.exe (file ./FAQ6.pdf): PDF inclusion: invalid oth
er resource which is no dict (key 'ProcSets', type <array>); ignored.
>] [190

] <FAQ7.pdf, id=2110, 598.235pt x 846.16125pt>
File: FAQ7.pdf Graphic file (type pdf)
 <use FAQ7.pdf>
Package pdftex.def Info: FAQ7.pdf used on input line 3117.
(pdftex.def)             Requested size: 598.23354pt x 846.1592pt.
File: FAQ7.pdf Graphic file (type pdf)

<use FAQ7.pdf>
Package pdftex.def Info: FAQ7.pdf used on input line 3117.
(pdftex.def)             Requested size: 598.23354pt x 846.1592pt.
 <FAQ7.pdf, id=2113, page=1, 598.235pt x 846.16125pt>
File: FAQ7.pdf Graphic file (type pdf)

<use FAQ7.pdf, page 1>
Package pdftex.def Info: FAQ7.pdf, page1 used on input line 3117.
(pdftex.def)             Requested size: 598.23354pt x 846.1592pt.
File: FAQ7.pdf Graphic file (type pdf)
 <use FAQ7.pdf, page 1>
Package pdftex.def Info: FAQ7.pdf, page1 used on input line 3117.
(pdftex.def)             Requested size: 597.55803pt x 845.20375pt.
File: FAQ7.pdf Graphic file (type pdf)
 <use FAQ7.pdf, page 1>
Package pdftex.def Info: FAQ7.pdf, page1 used on input line 3117.
(pdftex.def)             Requested size: 597.55803pt x 845.20375pt.
File: FAQ7.pdf Graphic file (type pdf)

<use FAQ7.pdf, page 1>
Package pdftex.def Info: FAQ7.pdf, page1 used on input line 3117.
(pdftex.def)             Requested size: 597.55803pt x 845.20375pt.
File: FAQ7.pdf Graphic file (type pdf)
 <use FAQ7.pdf, page 1>
Package pdftex.def Info: FAQ7.pdf, page1 used on input line 3117.
(pdftex.def)             Requested size: 597.55803pt x 845.20375pt.
 [191 <./FAQ7.pdf

pdfTeX warning: miktex-pdftex.exe (file ./FAQ7.pdf): PDF inclusion: invalid oth
er resource which is no dict (key 'ProcSets', type <array>); ignored.
>] <FAQ7.pdf, id=2152, page=2, 598.235pt x 846.16125pt>
File: FAQ7.pdf Graphic file (type pdf)
 <use FAQ7.pdf, page 2>
Package pdftex.def Info: FAQ7.pdf, page2 used on input line 3117.
(pdftex.def)             Requested size: 597.55803pt x 845.20375pt.
File: FAQ7.pdf Graphic file (type pdf)

<use FAQ7.pdf, page 2>
Package pdftex.def Info: FAQ7.pdf, page2 used on input line 3117.
(pdftex.def)             Requested size: 597.55803pt x 845.20375pt.
File: FAQ7.pdf Graphic file (type pdf)
 <use FAQ7.pdf, page 2>
Package pdftex.def Info: FAQ7.pdf, page2 used on input line 3117.
(pdftex.def)             Requested size: 597.55803pt x 845.20375pt.
 [192 <./FAQ7.pdf

pdfTeX warning: miktex-pdftex.exe (file ./FAQ7.pdf): PDF inclusion: invalid oth
er resource which is no dict (key 'ProcSets', type <array>); ignored.
>] <FAQ7.pdf, id=2164, page=3, 598.235pt x 846.16125pt>
File: FAQ7.pdf Graphic file (type pdf)
 <use FAQ7.pdf, page 3>
Package pdftex.def Info: FAQ7.pdf, page3 used on input line 3117.
(pdftex.def)             Requested size: 597.55803pt x 845.20375pt.
File: FAQ7.pdf Graphic file (type pdf)

<use FAQ7.pdf, page 3>
Package pdftex.def Info: FAQ7.pdf, page3 used on input line 3117.
(pdftex.def)             Requested size: 597.55803pt x 845.20375pt.
File: FAQ7.pdf Graphic file (type pdf)
 <use FAQ7.pdf, page 3>
Package pdftex.def Info: FAQ7.pdf, page3 used on input line 3117.
(pdftex.def)             Requested size: 597.55803pt x 845.20375pt.
 [193 <./FAQ7.pdf

pdfTeX warning: miktex-pdftex.exe (file ./FAQ7.pdf): PDF inclusion: invalid oth
er resource which is no dict (key 'ProcSets', type <array>); ignored.
>] <FAQ7.pdf, id=2170, page=4, 598.235pt x 846.16125pt>
File: FAQ7.pdf Graphic file (type pdf)
 <use FAQ7.pdf, page 4>
Package pdftex.def Info: FAQ7.pdf, page4 used on input line 3117.
(pdftex.def)             Requested size: 597.55803pt x 845.20375pt.
File: FAQ7.pdf Graphic file (type pdf)

<use FAQ7.pdf, page 4>
Package pdftex.def Info: FAQ7.pdf, page4 used on input line 3117.
(pdftex.def)             Requested size: 597.55803pt x 845.20375pt.
File: FAQ7.pdf Graphic file (type pdf)
 <use FAQ7.pdf, page 4>
Package pdftex.def Info: FAQ7.pdf, page4 used on input line 3117.
(pdftex.def)             Requested size: 597.55803pt x 845.20375pt.
 [194 <./FAQ7.pdf

pdfTeX warning: miktex-pdftex.exe (file ./FAQ7.pdf): PDF inclusion: invalid oth
er resource which is no dict (key 'ProcSets', type <array>); ignored.
>] <FAQ8.pdf, id=2176, 598.235pt x 846.16125pt>
File: FAQ8.pdf Graphic file (type pdf)
 <use FAQ8.pdf>
Package pdftex.def Info: FAQ8.pdf used on input line 3117.
(pdftex.def)             Requested size: 598.23354pt x 846.1592pt.
File: FAQ8.pdf Graphic file (type pdf)
 <use FAQ8.pdf>
Package pdftex.def Info: FAQ8.pdf used on input line 3117.
(pdftex.def)             Requested size: 598.23354pt x 846.1592pt.

<FAQ8.pdf, id=2179, page=1, 598.235pt x 846.16125pt>
File: FAQ8.pdf Graphic file (type pdf)
 <use FAQ8.pdf, page 1>
Package pdftex.def Info: FAQ8.pdf, page1 used on input line 3117.
(pdftex.def)             Requested size: 598.23354pt x 846.1592pt.
File: FAQ8.pdf Graphic file (type pdf)

<use FAQ8.pdf, page 1>
Package pdftex.def Info: FAQ8.pdf, page1 used on input line 3117.
(pdftex.def)             Requested size: 597.55803pt x 845.20375pt.
File: FAQ8.pdf Graphic file (type pdf)
 <use FAQ8.pdf, page 1>
Package pdftex.def Info: FAQ8.pdf, page1 used on input line 3117.
(pdftex.def)             Requested size: 597.55803pt x 845.20375pt.
File: FAQ8.pdf Graphic file (type pdf)
 <use FAQ8.pdf, page 1>
Package pdftex.def Info: FAQ8.pdf, page1 used on input line 3117.
(pdftex.def)             Requested size: 597.55803pt x 845.20375pt.
File: FAQ8.pdf Graphic file (type pdf)

<use FAQ8.pdf, page 1>
Package pdftex.def Info: FAQ8.pdf, page1 used on input line 3117.
(pdftex.def)             Requested size: 597.55803pt x 845.20375pt.
 [195

 <./FAQ8.pdf

pdfTeX warning: miktex-pdftex.exe (file ./FAQ8.pdf): PDF inclusion: invalid oth
er resource which is no dict (key 'ProcSets', type <array>); ignored.
>] <FAQ8.pdf, id=2222, page=2, 598.235pt x 846.16125pt>
File: FAQ8.pdf Graphic file (type pdf)
 <use FAQ8.pdf, page 2>
Package pdftex.def Info: FAQ8.pdf, page2 used on input line 3117.
(pdftex.def)             Requested size: 597.55803pt x 845.20375pt.
File: FAQ8.pdf Graphic file (type pdf)

<use FAQ8.pdf, page 2>
Package pdftex.def Info: FAQ8.pdf, page2 used on input line 3117.
(pdftex.def)             Requested size: 597.55803pt x 845.20375pt.
File: FAQ8.pdf Graphic file (type pdf)
 <use FAQ8.pdf, page 2>
Package pdftex.def Info: FAQ8.pdf, page2 used on input line 3117.
(pdftex.def)             Requested size: 597.55803pt x 845.20375pt.
 [196 <./FAQ8.pdf

pdfTeX warning: miktex-pdftex.exe (file ./FAQ8.pdf): PDF inclusion: invalid oth
er resource which is no dict (key 'ProcSets', type <array>); ignored.
>] <FAQ8.pdf, id=2232, page=3, 598.235pt x 846.16125pt>
File: FAQ8.pdf Graphic file (type pdf)
 <use FAQ8.pdf, page 3>
Package pdftex.def Info: FAQ8.pdf, page3 used on input line 3117.
(pdftex.def)             Requested size: 597.55803pt x 845.20375pt.
File: FAQ8.pdf Graphic file (type pdf)

<use FAQ8.pdf, page 3>
Package pdftex.def Info: FAQ8.pdf, page3 used on input line 3117.
(pdftex.def)             Requested size: 597.55803pt x 845.20375pt.
File: FAQ8.pdf Graphic file (type pdf)
 <use FAQ8.pdf, page 3>
Package pdftex.def Info: FAQ8.pdf, page3 used on input line 3117.
(pdftex.def)             Requested size: 597.55803pt x 845.20375pt.
 [197 <./FAQ8.pdf

pdfTeX warning: miktex-pdftex.exe (file ./FAQ8.pdf): PDF inclusion: invalid oth
er resource which is no dict (key 'ProcSets', type <array>); ignored.
>] <FAQ8.pdf, id=2241, page=4, 598.235pt x 846.16125pt>
File: FAQ8.pdf Graphic file (type pdf)
 <use FAQ8.pdf, page 4>
Package pdftex.def Info: FAQ8.pdf, page4 used on input line 3117.
(pdftex.def)             Requested size: 597.55803pt x 845.20375pt.
File: FAQ8.pdf Graphic file (type pdf)

<use FAQ8.pdf, page 4>
Package pdftex.def Info: FAQ8.pdf, page4 used on input line 3117.
(pdftex.def)             Requested size: 597.55803pt x 845.20375pt.
File: FAQ8.pdf Graphic file (type pdf)
 <use FAQ8.pdf, page 4>
Package pdftex.def Info: FAQ8.pdf, page4 used on input line 3117.
(pdftex.def)             Requested size: 597.55803pt x 845.20375pt.
 [198 <./FAQ8.pdf

pdfTeX warning: miktex-pdftex.exe (file ./FAQ8.pdf): PDF inclusion: invalid oth
er resource which is no dict (key 'ProcSets', type <array>); ignored.
>]
Package atveryend Info: Empty hook `BeforeClearDocument' on input line 3117.
Package atveryend Info: Empty hook `AfterLastShipout' on input line 3117.
 (TFG.aux)
Package atveryend Info: Executing hook `AtVeryEndDocument' on input line 3117.
Package atveryend Info: Executing hook `AtEndAfterFileList' on input line 3117.

Package rerunfilecheck Info: File `TFG.out' has not changed.
(rerunfilecheck)             Checksum: 083A45E7DBEB4BA33D2A0FEBE540E185;10219.


LaTeX Warning: There were multiply-defined labels.

Package atveryend Info: Empty hook `AtVeryVeryEnd' on input line 3117.
 ) 
Here is how much of TeX's memory you used:
 18953 strings out of 493673
 359955 string characters out of 3141577
 439600 words of memory out of 3000000
 21425 multiletter control sequences out of 15000+200000
 20107 words of font info for 78 fonts, out of 3000000 for 9000
 1025 hyphenation exceptions out of 8191
 61i,18n,84p,4714b,916s stack positions out of 5000i,500n,10000p,200000b,50000s
<C:/Program Files (x86)/MiKTeX 2.9/fonts/type1/public/amsfonts/cm/cmbx10.pfb>
<C:/Program Files (x86)/MiKTeX 2.9/fonts/type1/public/amsfonts/cm/cmbx12.pfb><C
:/Program Files (x86)/MiKTeX 2.9/fonts/type1/public/amsfonts/cm/cmbx7.pfb><C:/P
rogram Files (x86)/MiKTeX 2.9/fonts/type1/public/amsfonts/cm/cmbxti10.pfb><C:/P
rogram Files (x86)/MiKTeX 2.9/fonts/type1/public/amsfonts/cm/cmex10.pfb><C:/Pro
gram Files (x86)/MiKTeX 2.9/fonts/type1/public/amsfonts/cm/cmmi10.pfb><C:/Progr
am Files (x86)/MiKTeX 2.9/fonts/type1/public/amsfonts/cm/cmmi12.pfb><C:/Program
 Files (x86)/MiKTeX 2.9/fonts/type1/public/amsfonts/cm/cmmi5.pfb><C:/Program Fi
les (x86)/MiKTeX 2.9/fonts/type1/public/amsfonts/cm/cmmi7.pfb><C:/Program Files
 (x86)/MiKTeX 2.9/fonts/type1/public/amsfonts/cm/cmmi8.pfb><C:/Program Files (x
86)/MiKTeX 2.9/fonts/type1/public/amsfonts/cm/cmr10.pfb><C:/Program Files (x86)
/MiKTeX 2.9/fonts/type1/public/amsfonts/cm/cmr12.pfb><C:/Program Files (x86)/Mi
KTeX 2.9/fonts/type1/public/amsfonts/cm/cmr17.pfb><C:/Program Files (x86)/MiKTe
X 2.9/fonts/type1/public/amsfonts/cm/cmr5.pfb><C:/Program Files (x86)/MiKTeX 2.
9/fonts/type1/public/amsfonts/cm/cmr6.pfb><C:/Program Files (x86)/MiKTeX 2.9/fo
nts/type1/public/amsfonts/cm/cmr7.pfb><C:/Program Files (x86)/MiKTeX 2.9/fonts/
type1/public/amsfonts/cm/cmr8.pfb><C:/Program Files (x86)/MiKTeX 2.9/fonts/type
1/public/amsfonts/cm/cmss8.pfb><C:/Program Files (x86)/MiKTeX 2.9/fonts/type1/p
ublic/amsfonts/cm/cmsy10.pfb><C:/Program Files (x86)/MiKTeX 2.9/fonts/type1/pub
lic/amsfonts/cm/cmsy5.pfb><C:/Program Files (x86)/MiKTeX 2.9/fonts/type1/public
/amsfonts/cm/cmsy7.pfb><C:/Program Files (x86)/MiKTeX 2.9/fonts/type1/public/am
sfonts/cm/cmsy8.pfb><C:/Program Files (x86)/MiKTeX 2.9/fonts/type1/public/amsfo
nts/cm/cmti10.pfb><C:/Program Files (x86)/MiKTeX 2.9/fonts/type1/public/amsfont
s/cm/cmti8.pfb><C:/Program Files (x86)/MiKTeX 2.9/fonts/type1/public/amsfonts/c
m/cmtt10.pfb><C:/Program Files (x86)/MiKTeX 2.9/fonts/type1/public/amsfonts/cm/
cmtt8.pfb><C:/Program Files (x86)/MiKTeX 2.9/fonts/type1/public/amsfonts/euler/
eufm10.pfb><C:/Program Files (x86)/MiKTeX 2.9/fonts/type1/public/amsfonts/euler
/eufm7.pfb><C:/Program Files (x86)/MiKTeX 2.9/fonts/type1/public/amsfonts/symbo
ls/msbm10.pfb><C:/Program Files (x86)/MiKTeX 2.9/fonts/type1/public/amsfonts/sy
mbols/msbm7.pfb>
Output written on TFG.pdf (198 pages, 3954783 bytes).
PDF statistics:
 2455 PDF objects out of 2487 (max. 8388607)
 531 named destinations out of 1000 (max. 500000)
 1425 words of extra memory for PDF output out of 10000 (max. 10000000)

